[debug] [2021-04-29T17:39:21.323Z] ----------------------------------------------------------------------
[debug] [2021-04-29T17:39:21.324Z] Command:       /usr/local/bin/node /usr/local/bin/firebase emulators:start --only functions
[debug] [2021-04-29T17:39:21.325Z] CLI Version:   8.20.0
[debug] [2021-04-29T17:39:21.325Z] Platform:      darwin
[debug] [2021-04-29T17:39:21.325Z] Node Version:  v14.16.1
[debug] [2021-04-29T17:39:21.332Z] Time:          Thu Apr 29 2021 13:39:21 GMT-0400 (Eastern Daylight Time)
[debug] [2021-04-29T17:39:21.332Z] ----------------------------------------------------------------------
[debug] [2021-04-29T17:39:21.332Z] 
[debug] [2021-04-29T17:39:21.335Z] >>> [apiv2][query] GET https://firebase-public.firebaseio.com/cli.json [none]
[debug] [2021-04-29T17:39:21.360Z] > command requires scopes: ["email","openid","https://www.googleapis.com/auth/cloudplatformprojects.readonly","https://www.googleapis.com/auth/firebase","https://www.googleapis.com/auth/cloud-platform"]
[debug] [2021-04-29T17:39:21.360Z] > authorizing via signed-in user
[info] i  emulators: Starting emulators: functions {"metadata":{"emulator":{"name":"hub"},"message":"Starting emulators: functions"}}
[debug] [2021-04-29T17:39:21.376Z] [hub] writing locator at /var/folders/q_/x77v2wr50ss2hthq3srb36ph0000gn/T/hub-mealstogo-638a6.json
[warn] ⚠  functions: The following emulators are not running, calls to these services from the Functions emulator will affect production: auth, firestore, database, hosting, pubsub {"metadata":{"emulator":{"name":"functions"},"message":"The following emulators are not running, calls to these services from the Functions emulator will affect production: \u001b[1mauth, firestore, database, hosting, pubsub\u001b[22m"}}
[info] ✔  functions: Using node@14 from host. {"metadata":{"emulator":{"name":"functions"},"message":"Using node@14 from host."}}
[debug] [2021-04-29T17:39:21.401Z] defaultcredentials: writing to file /Users/issoufzabre/.config/firebase/sheridanzabre_gmail_com_application_default_credentials.json
[debug] [2021-04-29T17:39:21.404Z] Setting GAC to /Users/issoufzabre/.config/firebase/sheridanzabre_gmail_com_application_default_credentials.json {"metadata":{"emulator":{"name":"functions"},"message":"Setting GAC to /Users/issoufzabre/.config/firebase/sheridanzabre_gmail_com_application_default_credentials.json"}}
[debug] [2021-04-29T17:39:21.624Z] <<< [apiv2][status] GET https://firebase-public.firebaseio.com/cli.json 200
[debug] [2021-04-29T17:39:21.624Z] <<< [apiv2][body] GET https://firebase-public.firebaseio.com/cli.json {"cloudBuildErrorAfter":1594252800000,"cloudBuildWarnAfter":1590019200000,"defaultNode10After":1594252800000,"minVersion":"3.0.5","node8DeploysDisabledAfter":1613390400000,"node8RuntimeDisabledAfter":1615809600000,"node8WarnAfter":1600128000000}
[debug] [2021-04-29T17:39:21.941Z] Ignoring unsupported arg: auto_download {"metadata":{"emulator":{"name":"ui"},"message":"Ignoring unsupported arg: auto_download"}}
[debug] [2021-04-29T17:39:21.942Z] Ignoring unsupported arg: port {"metadata":{"emulator":{"name":"ui"},"message":"Ignoring unsupported arg: port"}}
[debug] [2021-04-29T17:39:21.942Z] Starting Emulator UI with command {"binary":"node","args":["/Users/issoufzabre/.cache/firebase/emulators/ui-v1.4.0/server.bundle.js"],"optionalArgs":[],"joinArgs":false} {"metadata":{"emulator":{"name":"ui"},"message":"Starting Emulator UI with command {\"binary\":\"node\",\"args\":[\"/Users/issoufzabre/.cache/firebase/emulators/ui-v1.4.0/server.bundle.js\"],\"optionalArgs\":[],\"joinArgs\":false}"}}
[info] i  ui: Emulator UI logging to ui-debug.log {"metadata":{"emulator":{"name":"ui"},"message":"Emulator UI logging to \u001b[1mui-debug.log\u001b[22m"}}
[debug] [2021-04-29T17:39:22.048Z] Web / API server started at http://localhost:4000
 {"metadata":{"emulator":{"name":"ui"},"message":"Web / API server started at http://localhost:4000\n"}}
[info] i  functions: Watching "/Users/issoufzabre/workspace/projects/MealsToGo/functions" for Cloud Functions... {"metadata":{"emulator":{"name":"functions"},"message":"Watching \"/Users/issoufzabre/workspace/projects/MealsToGo/functions\" for Cloud Functions..."}}
[debug] [2021-04-29T17:39:22.217Z] [worker-pool] addWorker(~diagnostic~) {"metadata":{"emulator":{"name":"functions"},"message":"[worker-pool] addWorker(~diagnostic~)"}}
[debug] [2021-04-29T17:39:22.218Z] [worker-pool] Adding worker with key ~diagnostic~, total=1 {"metadata":{"emulator":{"name":"functions"},"message":"[worker-pool] Adding worker with key ~diagnostic~, total=1"}}
[debug] [2021-04-29T17:39:22.218Z] [worker-pool] submitWork(triggerId=) {"metadata":{"emulator":{"name":"functions"},"message":"[worker-pool] submitWork(triggerId=)"}}
[debug] [2021-04-29T17:39:22.218Z] [worker-~diagnostic~-c60c27ad-3df7-41d9-9d38-3c63bbeac622]: Assigning socketPath: /var/folders/q_/x77v2wr50ss2hthq3srb36ph0000gn/T/fire_emu_77398.sock {"metadata":{"emulator":{"name":"functions"},"message":"[worker-~diagnostic~-c60c27ad-3df7-41d9-9d38-3c63bbeac622]: Assigning socketPath: /var/folders/q_/x77v2wr50ss2hthq3srb36ph0000gn/T/fire_emu_77398.sock"}}
[debug] [2021-04-29T17:39:22.219Z] [worker-~diagnostic~-c60c27ad-3df7-41d9-9d38-3c63bbeac622]: BUSY {"metadata":{"emulator":{"name":"functions"},"message":"[worker-~diagnostic~-c60c27ad-3df7-41d9-9d38-3c63bbeac622]: BUSY"}}
[debug] [2021-04-29T17:39:22.352Z] [runtime-status] [77398] Functions runtime initialized. {"cwd":"/Users/issoufzabre/workspace/projects/MealsToGo/functions","node_version":"14.16.1"} {"metadata":{"emulator":{"name":"functions"},"message":"[runtime-status] [77398] Functions runtime initialized. {\"cwd\":\"/Users/issoufzabre/workspace/projects/MealsToGo/functions\",\"node_version\":\"14.16.1\"}"}}
[debug] [2021-04-29T17:39:22.352Z] [runtime-status] [77398] Disabled runtime features: undefined {"metadata":{"emulator":{"name":"functions"},"message":"[runtime-status] [77398] Disabled runtime features: undefined"}}
[debug] [2021-04-29T17:39:22.354Z] [runtime-status] [77398] Resolved module firebase-admin {"declared":true,"installed":true,"version":"9.6.0","resolution":"/Users/issoufzabre/workspace/projects/MealsToGo/functions/node_modules/firebase-admin/lib/index.js"} {"metadata":{"emulator":{"name":"functions"},"message":"[runtime-status] [77398] Resolved module firebase-admin {\"declared\":true,\"installed\":true,\"version\":\"9.6.0\",\"resolution\":\"/Users/issoufzabre/workspace/projects/MealsToGo/functions/node_modules/firebase-admin/lib/index.js\"}"}}
[debug] [2021-04-29T17:39:22.356Z] [runtime-status] [77398] Resolved module firebase-functions {"declared":true,"installed":true,"version":"3.13.2","resolution":"/Users/issoufzabre/workspace/projects/MealsToGo/functions/node_modules/firebase-functions/lib/index.js"} {"metadata":{"emulator":{"name":"functions"},"message":"[runtime-status] [77398] Resolved module firebase-functions {\"declared\":true,\"installed\":true,\"version\":\"3.13.2\",\"resolution\":\"/Users/issoufzabre/workspace/projects/MealsToGo/functions/node_modules/firebase-functions/lib/index.js\"}"}}
[debug] [2021-04-29T17:39:22.358Z] [runtime-status] [77398] Found local functions config: /Users/issoufzabre/workspace/projects/MealsToGo/functions/.runtimeconfig.json {"metadata":{"emulator":{"name":"functions"},"message":"[runtime-status] [77398] Found local functions config: /Users/issoufzabre/workspace/projects/MealsToGo/functions/.runtimeconfig.json"}}
[debug] [2021-04-29T17:39:22.358Z] [runtime-status] [77398] Resolved module firebase-functions {"declared":true,"installed":true,"version":"3.13.2","resolution":"/Users/issoufzabre/workspace/projects/MealsToGo/functions/node_modules/firebase-functions/lib/index.js"} {"metadata":{"emulator":{"name":"functions"},"message":"[runtime-status] [77398] Resolved module firebase-functions {\"declared\":true,\"installed\":true,\"version\":\"3.13.2\",\"resolution\":\"/Users/issoufzabre/workspace/projects/MealsToGo/functions/node_modules/firebase-functions/lib/index.js\"}"}}
[debug] [2021-04-29T17:39:22.359Z] [runtime-status] [77398] Outgoing network have been stubbed. [{"name":"http","status":"mocked"},{"name":"http","status":"mocked"},{"name":"https","status":"mocked"},{"name":"https","status":"mocked"},{"name":"net","status":"mocked"}] {"metadata":{"emulator":{"name":"functions"},"message":"[runtime-status] [77398] Outgoing network have been stubbed. [{\"name\":\"http\",\"status\":\"mocked\"},{\"name\":\"http\",\"status\":\"mocked\"},{\"name\":\"https\",\"status\":\"mocked\"},{\"name\":\"https\",\"status\":\"mocked\"},{\"name\":\"net\",\"status\":\"mocked\"}]"}}
[debug] [2021-04-29T17:39:22.359Z] [runtime-status] [77398] Resolved module firebase-functions {"declared":true,"installed":true,"version":"3.13.2","resolution":"/Users/issoufzabre/workspace/projects/MealsToGo/functions/node_modules/firebase-functions/lib/index.js"} {"metadata":{"emulator":{"name":"functions"},"message":"[runtime-status] [77398] Resolved module firebase-functions {\"declared\":true,\"installed\":true,\"version\":\"3.13.2\",\"resolution\":\"/Users/issoufzabre/workspace/projects/MealsToGo/functions/node_modules/firebase-functions/lib/index.js\"}"}}
[debug] [2021-04-29T17:39:22.410Z] [runtime-status] [77398] Checked functions.config() {"config":{"google":{"key":"AIzaSyBSlvhH1OFn2gTX_oCcpHRbF9E-GeSUA10"}}} {"metadata":{"emulator":{"name":"functions"},"message":"[runtime-status] [77398] Checked functions.config() {\"config\":{\"google\":{\"key\":\"AIzaSyBSlvhH1OFn2gTX_oCcpHRbF9E-GeSUA10\"}}}"}}
[debug] [2021-04-29T17:39:22.410Z] [runtime-status] [77398] firebase-functions has been stubbed. {"functionsResolution":{"declared":true,"installed":true,"version":"3.13.2","resolution":"/Users/issoufzabre/workspace/projects/MealsToGo/functions/node_modules/firebase-functions/lib/index.js"}} {"metadata":{"emulator":{"name":"functions"},"message":"[runtime-status] [77398] firebase-functions has been stubbed. {\"functionsResolution\":{\"declared\":true,\"installed\":true,\"version\":\"3.13.2\",\"resolution\":\"/Users/issoufzabre/workspace/projects/MealsToGo/functions/node_modules/firebase-functions/lib/index.js\"}}"}}
[debug] [2021-04-29T17:39:22.411Z] [runtime-status] [77398] Resolved module firebase-functions {"declared":true,"installed":true,"version":"3.13.2","resolution":"/Users/issoufzabre/workspace/projects/MealsToGo/functions/node_modules/firebase-functions/lib/index.js"} {"metadata":{"emulator":{"name":"functions"},"message":"[runtime-status] [77398] Resolved module firebase-functions {\"declared\":true,\"installed\":true,\"version\":\"3.13.2\",\"resolution\":\"/Users/issoufzabre/workspace/projects/MealsToGo/functions/node_modules/firebase-functions/lib/index.js\"}"}}
[debug] [2021-04-29T17:39:22.412Z] [runtime-status] [77398] Resolved module firebase-admin {"declared":true,"installed":true,"version":"9.6.0","resolution":"/Users/issoufzabre/workspace/projects/MealsToGo/functions/node_modules/firebase-admin/lib/index.js"} {"metadata":{"emulator":{"name":"functions"},"message":"[runtime-status] [77398] Resolved module firebase-admin {\"declared\":true,\"installed\":true,\"version\":\"9.6.0\",\"resolution\":\"/Users/issoufzabre/workspace/projects/MealsToGo/functions/node_modules/firebase-admin/lib/index.js\"}"}}
[debug] [2021-04-29T17:39:22.412Z] [runtime-status] [77398] Resolved module firebase-functions {"declared":true,"installed":true,"version":"3.13.2","resolution":"/Users/issoufzabre/workspace/projects/MealsToGo/functions/node_modules/firebase-functions/lib/index.js"} {"metadata":{"emulator":{"name":"functions"},"message":"[runtime-status] [77398] Resolved module firebase-functions {\"declared\":true,\"installed\":true,\"version\":\"3.13.2\",\"resolution\":\"/Users/issoufzabre/workspace/projects/MealsToGo/functions/node_modules/firebase-functions/lib/index.js\"}"}}
[debug] [2021-04-29T17:39:22.413Z] [runtime-status] [77398] firebase-admin has been stubbed. {"adminResolution":{"declared":true,"installed":true,"version":"9.6.0","resolution":"/Users/issoufzabre/workspace/projects/MealsToGo/functions/node_modules/firebase-admin/lib/index.js"}} {"metadata":{"emulator":{"name":"functions"},"message":"[runtime-status] [77398] firebase-admin has been stubbed. {\"adminResolution\":{\"declared\":true,\"installed\":true,\"version\":\"9.6.0\",\"resolution\":\"/Users/issoufzabre/workspace/projects/MealsToGo/functions/node_modules/firebase-admin/lib/index.js\"}}"}}
[info] ✔  functions[geocode]: http function initialized (http://localhost:5001/mealstogo-638a6/us-central1/geocode). {"metadata":{"emulator":{"name":"functions"},"message":"\u001b[1mhttp\u001b[22m function initialized (http://localhost:5001/mealstogo-638a6/us-central1/geocode)."}}
[info] ✔  functions[placesNearby]: http function initialized (http://localhost:5001/mealstogo-638a6/us-central1/placesNearby). {"metadata":{"emulator":{"name":"functions"},"message":"\u001b[1mhttp\u001b[22m function initialized (http://localhost:5001/mealstogo-638a6/us-central1/placesNearby)."}}
[info] 
┌─────────────────────────────────────────────────────────────┐
│ ✔  All emulators ready! It is now safe to connect your app. │
│ i  View Emulator UI at http://localhost:4000                │
└─────────────────────────────────────────────────────────────┘

┌───────────┬────────────────┬─────────────────────────────────┐
│ Emulator  │ Host:Port      │ View in Emulator UI             │
├───────────┼────────────────┼─────────────────────────────────┤
│ Functions │ localhost:5001 │ http://localhost:4000/functions │
└───────────┴────────────────┴─────────────────────────────────┘
  Emulator Hub running at localhost:4400
  Other reserved ports: 4500

Issues? Report them at https://github.com/firebase/firebase-tools/issues and attach the *-debug.log files.
 
[debug] [2021-04-29T17:39:22.483Z] [worker-~diagnostic~-c60c27ad-3df7-41d9-9d38-3c63bbeac622]: IDLE {"metadata":{"emulator":{"name":"functions"},"message":"[worker-~diagnostic~-c60c27ad-3df7-41d9-9d38-3c63bbeac622]: IDLE"}}
[debug] [2021-04-29T17:39:55.507Z] [work-queue] {"queueLength":1,"workRunningCount":0}
[debug] [2021-04-29T17:39:55.507Z] [work-queue] {"queueLength":0,"workRunningCount":1}
[debug] [2021-04-29T17:39:55.507Z] Accepted request GET /mealstogo-638a6/us-central1/geocode?city=san%20francisco&mock=true --> geocode
[debug] [2021-04-29T17:39:55.512Z] [worker-pool] addWorker(geocode) {"metadata":{"emulator":{"name":"functions"},"message":"[worker-pool] addWorker(geocode)"}}
[debug] [2021-04-29T17:39:55.513Z] [worker-pool] Adding worker with key geocode, total=1 {"metadata":{"emulator":{"name":"functions"},"message":"[worker-pool] Adding worker with key geocode, total=1"}}
[debug] [2021-04-29T17:39:55.513Z] [worker-pool] submitWork(triggerId=geocode) {"metadata":{"emulator":{"name":"functions"},"message":"[worker-pool] submitWork(triggerId=geocode)"}}
[debug] [2021-04-29T17:39:55.513Z] [worker-geocode-7b2fa55a-f14c-4d74-b9e2-82553a794c2a]: Assigning socketPath: /var/folders/q_/x77v2wr50ss2hthq3srb36ph0000gn/T/fire_emu_77484.sock {"metadata":{"emulator":{"name":"functions"},"message":"[worker-geocode-7b2fa55a-f14c-4d74-b9e2-82553a794c2a]: Assigning socketPath: /var/folders/q_/x77v2wr50ss2hthq3srb36ph0000gn/T/fire_emu_77484.sock"}}
[debug] [2021-04-29T17:39:55.513Z] [worker-geocode-7b2fa55a-f14c-4d74-b9e2-82553a794c2a]: BUSY {"metadata":{"emulator":{"name":"functions"},"message":"[worker-geocode-7b2fa55a-f14c-4d74-b9e2-82553a794c2a]: BUSY"}}
[debug] [2021-04-29T17:39:55.643Z] [runtime-status] [77484] Functions runtime initialized. {"cwd":"/Users/issoufzabre/workspace/projects/MealsToGo/functions","node_version":"14.16.1"} {"metadata":{"emulator":{"name":"functions"},"function":{"name":"geocode"},"message":"[runtime-status] [77484] Functions runtime initialized. {\"cwd\":\"/Users/issoufzabre/workspace/projects/MealsToGo/functions\",\"node_version\":\"14.16.1\"}"}}
[debug] [2021-04-29T17:39:55.644Z] [runtime-status] [77484] Disabled runtime features: undefined {"metadata":{"emulator":{"name":"functions"},"function":{"name":"geocode"},"message":"[runtime-status] [77484] Disabled runtime features: undefined"}}
[debug] [2021-04-29T17:39:55.647Z] [runtime-status] [77484] Resolved module firebase-admin {"declared":true,"installed":true,"version":"9.6.0","resolution":"/Users/issoufzabre/workspace/projects/MealsToGo/functions/node_modules/firebase-admin/lib/index.js"} {"metadata":{"emulator":{"name":"functions"},"function":{"name":"geocode"},"message":"[runtime-status] [77484] Resolved module firebase-admin {\"declared\":true,\"installed\":true,\"version\":\"9.6.0\",\"resolution\":\"/Users/issoufzabre/workspace/projects/MealsToGo/functions/node_modules/firebase-admin/lib/index.js\"}"}}
[debug] [2021-04-29T17:39:55.649Z] [runtime-status] [77484] Resolved module firebase-functions {"declared":true,"installed":true,"version":"3.13.2","resolution":"/Users/issoufzabre/workspace/projects/MealsToGo/functions/node_modules/firebase-functions/lib/index.js"} {"metadata":{"emulator":{"name":"functions"},"function":{"name":"geocode"},"message":"[runtime-status] [77484] Resolved module firebase-functions {\"declared\":true,\"installed\":true,\"version\":\"3.13.2\",\"resolution\":\"/Users/issoufzabre/workspace/projects/MealsToGo/functions/node_modules/firebase-functions/lib/index.js\"}"}}
[debug] [2021-04-29T17:39:55.650Z] [runtime-status] [77484] Found local functions config: /Users/issoufzabre/workspace/projects/MealsToGo/functions/.runtimeconfig.json {"metadata":{"emulator":{"name":"functions"},"function":{"name":"geocode"},"message":"[runtime-status] [77484] Found local functions config: /Users/issoufzabre/workspace/projects/MealsToGo/functions/.runtimeconfig.json"}}
[debug] [2021-04-29T17:39:55.650Z] [runtime-status] [77484] Resolved module firebase-functions {"declared":true,"installed":true,"version":"3.13.2","resolution":"/Users/issoufzabre/workspace/projects/MealsToGo/functions/node_modules/firebase-functions/lib/index.js"} {"metadata":{"emulator":{"name":"functions"},"function":{"name":"geocode"},"message":"[runtime-status] [77484] Resolved module firebase-functions {\"declared\":true,\"installed\":true,\"version\":\"3.13.2\",\"resolution\":\"/Users/issoufzabre/workspace/projects/MealsToGo/functions/node_modules/firebase-functions/lib/index.js\"}"}}
[debug] [2021-04-29T17:39:55.652Z] [runtime-status] [77484] Outgoing network have been stubbed. [{"name":"http","status":"mocked"},{"name":"http","status":"mocked"},{"name":"https","status":"mocked"},{"name":"https","status":"mocked"},{"name":"net","status":"mocked"}] {"metadata":{"emulator":{"name":"functions"},"function":{"name":"geocode"},"message":"[runtime-status] [77484] Outgoing network have been stubbed. [{\"name\":\"http\",\"status\":\"mocked\"},{\"name\":\"http\",\"status\":\"mocked\"},{\"name\":\"https\",\"status\":\"mocked\"},{\"name\":\"https\",\"status\":\"mocked\"},{\"name\":\"net\",\"status\":\"mocked\"}]"}}
[debug] [2021-04-29T17:39:55.652Z] [runtime-status] [77484] Resolved module firebase-functions {"declared":true,"installed":true,"version":"3.13.2","resolution":"/Users/issoufzabre/workspace/projects/MealsToGo/functions/node_modules/firebase-functions/lib/index.js"} {"metadata":{"emulator":{"name":"functions"},"function":{"name":"geocode"},"message":"[runtime-status] [77484] Resolved module firebase-functions {\"declared\":true,\"installed\":true,\"version\":\"3.13.2\",\"resolution\":\"/Users/issoufzabre/workspace/projects/MealsToGo/functions/node_modules/firebase-functions/lib/index.js\"}"}}
[debug] [2021-04-29T17:39:55.681Z] [runtime-status] [77484] Checked functions.config() {"config":{"google":{"key":"AIzaSyBSlvhH1OFn2gTX_oCcpHRbF9E-GeSUA10"}}} {"metadata":{"emulator":{"name":"functions"},"function":{"name":"geocode"},"message":"[runtime-status] [77484] Checked functions.config() {\"config\":{\"google\":{\"key\":\"AIzaSyBSlvhH1OFn2gTX_oCcpHRbF9E-GeSUA10\"}}}"}}
[debug] [2021-04-29T17:39:55.681Z] [runtime-status] [77484] firebase-functions has been stubbed. {"functionsResolution":{"declared":true,"installed":true,"version":"3.13.2","resolution":"/Users/issoufzabre/workspace/projects/MealsToGo/functions/node_modules/firebase-functions/lib/index.js"}} {"metadata":{"emulator":{"name":"functions"},"function":{"name":"geocode"},"message":"[runtime-status] [77484] firebase-functions has been stubbed. {\"functionsResolution\":{\"declared\":true,\"installed\":true,\"version\":\"3.13.2\",\"resolution\":\"/Users/issoufzabre/workspace/projects/MealsToGo/functions/node_modules/firebase-functions/lib/index.js\"}}"}}
[debug] [2021-04-29T17:39:55.682Z] [runtime-status] [77484] Resolved module firebase-functions {"declared":true,"installed":true,"version":"3.13.2","resolution":"/Users/issoufzabre/workspace/projects/MealsToGo/functions/node_modules/firebase-functions/lib/index.js"} {"metadata":{"emulator":{"name":"functions"},"function":{"name":"geocode"},"message":"[runtime-status] [77484] Resolved module firebase-functions {\"declared\":true,\"installed\":true,\"version\":\"3.13.2\",\"resolution\":\"/Users/issoufzabre/workspace/projects/MealsToGo/functions/node_modules/firebase-functions/lib/index.js\"}"}}
[debug] [2021-04-29T17:39:55.682Z] [runtime-status] [77484] Resolved module firebase-admin {"declared":true,"installed":true,"version":"9.6.0","resolution":"/Users/issoufzabre/workspace/projects/MealsToGo/functions/node_modules/firebase-admin/lib/index.js"} {"metadata":{"emulator":{"name":"functions"},"function":{"name":"geocode"},"message":"[runtime-status] [77484] Resolved module firebase-admin {\"declared\":true,\"installed\":true,\"version\":\"9.6.0\",\"resolution\":\"/Users/issoufzabre/workspace/projects/MealsToGo/functions/node_modules/firebase-admin/lib/index.js\"}"}}
[debug] [2021-04-29T17:39:55.682Z] [runtime-status] [77484] Resolved module firebase-functions {"declared":true,"installed":true,"version":"3.13.2","resolution":"/Users/issoufzabre/workspace/projects/MealsToGo/functions/node_modules/firebase-functions/lib/index.js"} {"metadata":{"emulator":{"name":"functions"},"function":{"name":"geocode"},"message":"[runtime-status] [77484] Resolved module firebase-functions {\"declared\":true,\"installed\":true,\"version\":\"3.13.2\",\"resolution\":\"/Users/issoufzabre/workspace/projects/MealsToGo/functions/node_modules/firebase-functions/lib/index.js\"}"}}
[debug] [2021-04-29T17:39:55.683Z] [runtime-status] [77484] firebase-admin has been stubbed. {"adminResolution":{"declared":true,"installed":true,"version":"9.6.0","resolution":"/Users/issoufzabre/workspace/projects/MealsToGo/functions/node_modules/firebase-admin/lib/index.js"}} {"metadata":{"emulator":{"name":"functions"},"function":{"name":"geocode"},"message":"[runtime-status] [77484] firebase-admin has been stubbed. {\"adminResolution\":{\"declared\":true,\"installed\":true,\"version\":\"9.6.0\",\"resolution\":\"/Users/issoufzabre/workspace/projects/MealsToGo/functions/node_modules/firebase-admin/lib/index.js\"}}"}}
[debug] [2021-04-29T17:39:55.726Z] [runtime-status] [77484] Trigger "geocode" has been found, beginning invocation! {"metadata":{"emulator":{"name":"functions"},"function":{"name":"geocode"},"message":"[runtime-status] [77484] Trigger \"geocode\" has been found, beginning invocation!"}}
[info] i  functions: Beginning execution of "geocode" {"metadata":{"emulator":{"name":"functions"},"function":{"name":"geocode"},"message":"Beginning execution of \"geocode\""}}
[debug] [2021-04-29T17:39:55.727Z] [runtime-status] [77484] triggerDefinition {"httpsTrigger":{},"name":"geocode","entryPoint":"geocode"} {"metadata":{"emulator":{"name":"functions"},"function":{"name":"geocode"},"message":"[runtime-status] [77484] triggerDefinition {\"httpsTrigger\":{},\"name\":\"geocode\",\"entryPoint\":\"geocode\"}"}}
[debug] [2021-04-29T17:39:55.727Z] [runtime-status] [77484] Running geocode in mode HTTPS {"metadata":{"emulator":{"name":"functions"},"function":{"name":"geocode"},"message":"[runtime-status] [77484] Running geocode in mode HTTPS"}}
[debug] [2021-04-29T17:39:55.730Z] [runtime-status] [77484] Attempting to listen to socketPath: /var/folders/q_/x77v2wr50ss2hthq3srb36ph0000gn/T/fire_emu_77484.sock {"metadata":{"emulator":{"name":"functions"},"function":{"name":"geocode"},"message":"[runtime-status] [77484] Attempting to listen to socketPath: /var/folders/q_/x77v2wr50ss2hthq3srb36ph0000gn/T/fire_emu_77484.sock"}}
[debug] [2021-04-29T17:39:55.733Z] [functions] Runtime ready! Sending request! {"metadata":{"emulator":{"name":"functions"},"message":"[functions] Runtime ready! Sending request!"}}
[debug] [2021-04-29T17:39:55.741Z] [runtime-status] [77484] Ephemeral server handling GET request {"metadata":{"emulator":{"name":"functions"},"function":{"name":"geocode"},"message":"[runtime-status] [77484] Ephemeral server handling GET request"}}
[debug] [2021-04-29T17:39:55.747Z] [runtime-status] [77484] Ephemeral server survived. {"metadata":{"emulator":{"name":"functions"},"function":{"name":"geocode"},"message":"[runtime-status] [77484] Ephemeral server survived."}}
[info] i  functions: Finished "geocode" in ~1s {"metadata":{"emulator":{"name":"functions"},"function":{"name":"geocode"},"message":"Finished \"geocode\" in ~1s"}}
[debug] [2021-04-29T17:39:55.748Z] [worker-geocode-7b2fa55a-f14c-4d74-b9e2-82553a794c2a]: IDLE {"metadata":{"emulator":{"name":"functions"},"message":"[worker-geocode-7b2fa55a-f14c-4d74-b9e2-82553a794c2a]: IDLE"}}
[debug] [2021-04-29T17:39:55.749Z] [work-queue] {"queueLength":0,"workRunningCount":0}
[debug] [2021-04-29T17:39:55.792Z] [work-queue] {"queueLength":1,"workRunningCount":0}
[debug] [2021-04-29T17:39:55.792Z] [work-queue] {"queueLength":0,"workRunningCount":1}
[debug] [2021-04-29T17:39:55.792Z] Accepted request GET /mealstogo-638a6/us-central1/placesNearby?location=37.7749295,-122.4194155&mock=true --> placesNearby
[debug] [2021-04-29T17:39:55.796Z] [worker-pool] addWorker(placesNearby) {"metadata":{"emulator":{"name":"functions"},"message":"[worker-pool] addWorker(placesNearby)"}}
[debug] [2021-04-29T17:39:55.796Z] [worker-pool] Adding worker with key placesNearby, total=1 {"metadata":{"emulator":{"name":"functions"},"message":"[worker-pool] Adding worker with key placesNearby, total=1"}}
[debug] [2021-04-29T17:39:55.796Z] [worker-pool] submitWork(triggerId=placesNearby) {"metadata":{"emulator":{"name":"functions"},"message":"[worker-pool] submitWork(triggerId=placesNearby)"}}
[debug] [2021-04-29T17:39:55.796Z] [worker-placesNearby-fe21565e-440a-47ef-9c92-8ccea65340ce]: Assigning socketPath: /var/folders/q_/x77v2wr50ss2hthq3srb36ph0000gn/T/fire_emu_77485.sock {"metadata":{"emulator":{"name":"functions"},"message":"[worker-placesNearby-fe21565e-440a-47ef-9c92-8ccea65340ce]: Assigning socketPath: /var/folders/q_/x77v2wr50ss2hthq3srb36ph0000gn/T/fire_emu_77485.sock"}}
[debug] [2021-04-29T17:39:55.796Z] [worker-placesNearby-fe21565e-440a-47ef-9c92-8ccea65340ce]: BUSY {"metadata":{"emulator":{"name":"functions"},"message":"[worker-placesNearby-fe21565e-440a-47ef-9c92-8ccea65340ce]: BUSY"}}
[debug] [2021-04-29T17:39:55.921Z] [runtime-status] [77485] Functions runtime initialized. {"cwd":"/Users/issoufzabre/workspace/projects/MealsToGo/functions","node_version":"14.16.1"} {"metadata":{"emulator":{"name":"functions"},"function":{"name":"placesNearby"},"message":"[runtime-status] [77485] Functions runtime initialized. {\"cwd\":\"/Users/issoufzabre/workspace/projects/MealsToGo/functions\",\"node_version\":\"14.16.1\"}"}}
[debug] [2021-04-29T17:39:55.922Z] [runtime-status] [77485] Disabled runtime features: undefined {"metadata":{"emulator":{"name":"functions"},"function":{"name":"placesNearby"},"message":"[runtime-status] [77485] Disabled runtime features: undefined"}}
[debug] [2021-04-29T17:39:55.924Z] [runtime-status] [77485] Resolved module firebase-admin {"declared":true,"installed":true,"version":"9.6.0","resolution":"/Users/issoufzabre/workspace/projects/MealsToGo/functions/node_modules/firebase-admin/lib/index.js"} {"metadata":{"emulator":{"name":"functions"},"function":{"name":"placesNearby"},"message":"[runtime-status] [77485] Resolved module firebase-admin {\"declared\":true,\"installed\":true,\"version\":\"9.6.0\",\"resolution\":\"/Users/issoufzabre/workspace/projects/MealsToGo/functions/node_modules/firebase-admin/lib/index.js\"}"}}
[debug] [2021-04-29T17:39:55.926Z] [runtime-status] [77485] Resolved module firebase-functions {"declared":true,"installed":true,"version":"3.13.2","resolution":"/Users/issoufzabre/workspace/projects/MealsToGo/functions/node_modules/firebase-functions/lib/index.js"} {"metadata":{"emulator":{"name":"functions"},"function":{"name":"placesNearby"},"message":"[runtime-status] [77485] Resolved module firebase-functions {\"declared\":true,\"installed\":true,\"version\":\"3.13.2\",\"resolution\":\"/Users/issoufzabre/workspace/projects/MealsToGo/functions/node_modules/firebase-functions/lib/index.js\"}"}}
[debug] [2021-04-29T17:39:55.927Z] [runtime-status] [77485] Found local functions config: /Users/issoufzabre/workspace/projects/MealsToGo/functions/.runtimeconfig.json {"metadata":{"emulator":{"name":"functions"},"function":{"name":"placesNearby"},"message":"[runtime-status] [77485] Found local functions config: /Users/issoufzabre/workspace/projects/MealsToGo/functions/.runtimeconfig.json"}}
[debug] [2021-04-29T17:39:55.928Z] [runtime-status] [77485] Resolved module firebase-functions {"declared":true,"installed":true,"version":"3.13.2","resolution":"/Users/issoufzabre/workspace/projects/MealsToGo/functions/node_modules/firebase-functions/lib/index.js"} {"metadata":{"emulator":{"name":"functions"},"function":{"name":"placesNearby"},"message":"[runtime-status] [77485] Resolved module firebase-functions {\"declared\":true,\"installed\":true,\"version\":\"3.13.2\",\"resolution\":\"/Users/issoufzabre/workspace/projects/MealsToGo/functions/node_modules/firebase-functions/lib/index.js\"}"}}
[debug] [2021-04-29T17:39:55.929Z] [runtime-status] [77485] Outgoing network have been stubbed. [{"name":"http","status":"mocked"},{"name":"http","status":"mocked"},{"name":"https","status":"mocked"},{"name":"https","status":"mocked"},{"name":"net","status":"mocked"}] {"metadata":{"emulator":{"name":"functions"},"function":{"name":"placesNearby"},"message":"[runtime-status] [77485] Outgoing network have been stubbed. [{\"name\":\"http\",\"status\":\"mocked\"},{\"name\":\"http\",\"status\":\"mocked\"},{\"name\":\"https\",\"status\":\"mocked\"},{\"name\":\"https\",\"status\":\"mocked\"},{\"name\":\"net\",\"status\":\"mocked\"}]"}}
[debug] [2021-04-29T17:39:55.930Z] [runtime-status] [77485] Resolved module firebase-functions {"declared":true,"installed":true,"version":"3.13.2","resolution":"/Users/issoufzabre/workspace/projects/MealsToGo/functions/node_modules/firebase-functions/lib/index.js"} {"metadata":{"emulator":{"name":"functions"},"function":{"name":"placesNearby"},"message":"[runtime-status] [77485] Resolved module firebase-functions {\"declared\":true,\"installed\":true,\"version\":\"3.13.2\",\"resolution\":\"/Users/issoufzabre/workspace/projects/MealsToGo/functions/node_modules/firebase-functions/lib/index.js\"}"}}
[debug] [2021-04-29T17:39:55.962Z] [runtime-status] [77485] Checked functions.config() {"config":{"google":{"key":"AIzaSyBSlvhH1OFn2gTX_oCcpHRbF9E-GeSUA10"}}} {"metadata":{"emulator":{"name":"functions"},"function":{"name":"placesNearby"},"message":"[runtime-status] [77485] Checked functions.config() {\"config\":{\"google\":{\"key\":\"AIzaSyBSlvhH1OFn2gTX_oCcpHRbF9E-GeSUA10\"}}}"}}
[debug] [2021-04-29T17:39:55.962Z] [runtime-status] [77485] firebase-functions has been stubbed. {"functionsResolution":{"declared":true,"installed":true,"version":"3.13.2","resolution":"/Users/issoufzabre/workspace/projects/MealsToGo/functions/node_modules/firebase-functions/lib/index.js"}} {"metadata":{"emulator":{"name":"functions"},"function":{"name":"placesNearby"},"message":"[runtime-status] [77485] firebase-functions has been stubbed. {\"functionsResolution\":{\"declared\":true,\"installed\":true,\"version\":\"3.13.2\",\"resolution\":\"/Users/issoufzabre/workspace/projects/MealsToGo/functions/node_modules/firebase-functions/lib/index.js\"}}"}}
[debug] [2021-04-29T17:39:55.962Z] [runtime-status] [77485] Resolved module firebase-functions {"declared":true,"installed":true,"version":"3.13.2","resolution":"/Users/issoufzabre/workspace/projects/MealsToGo/functions/node_modules/firebase-functions/lib/index.js"} {"metadata":{"emulator":{"name":"functions"},"function":{"name":"placesNearby"},"message":"[runtime-status] [77485] Resolved module firebase-functions {\"declared\":true,\"installed\":true,\"version\":\"3.13.2\",\"resolution\":\"/Users/issoufzabre/workspace/projects/MealsToGo/functions/node_modules/firebase-functions/lib/index.js\"}"}}
[debug] [2021-04-29T17:39:55.963Z] [runtime-status] [77485] Resolved module firebase-admin {"declared":true,"installed":true,"version":"9.6.0","resolution":"/Users/issoufzabre/workspace/projects/MealsToGo/functions/node_modules/firebase-admin/lib/index.js"} {"metadata":{"emulator":{"name":"functions"},"function":{"name":"placesNearby"},"message":"[runtime-status] [77485] Resolved module firebase-admin {\"declared\":true,\"installed\":true,\"version\":\"9.6.0\",\"resolution\":\"/Users/issoufzabre/workspace/projects/MealsToGo/functions/node_modules/firebase-admin/lib/index.js\"}"}}
[debug] [2021-04-29T17:39:55.963Z] [runtime-status] [77485] Resolved module firebase-functions {"declared":true,"installed":true,"version":"3.13.2","resolution":"/Users/issoufzabre/workspace/projects/MealsToGo/functions/node_modules/firebase-functions/lib/index.js"} {"metadata":{"emulator":{"name":"functions"},"function":{"name":"placesNearby"},"message":"[runtime-status] [77485] Resolved module firebase-functions {\"declared\":true,\"installed\":true,\"version\":\"3.13.2\",\"resolution\":\"/Users/issoufzabre/workspace/projects/MealsToGo/functions/node_modules/firebase-functions/lib/index.js\"}"}}
[debug] [2021-04-29T17:39:55.963Z] [runtime-status] [77485] firebase-admin has been stubbed. {"adminResolution":{"declared":true,"installed":true,"version":"9.6.0","resolution":"/Users/issoufzabre/workspace/projects/MealsToGo/functions/node_modules/firebase-admin/lib/index.js"}} {"metadata":{"emulator":{"name":"functions"},"function":{"name":"placesNearby"},"message":"[runtime-status] [77485] firebase-admin has been stubbed. {\"adminResolution\":{\"declared\":true,\"installed\":true,\"version\":\"9.6.0\",\"resolution\":\"/Users/issoufzabre/workspace/projects/MealsToGo/functions/node_modules/firebase-admin/lib/index.js\"}}"}}
[debug] [2021-04-29T17:39:56.000Z] [runtime-status] [77485] Trigger "placesNearby" has been found, beginning invocation! {"metadata":{"emulator":{"name":"functions"},"function":{"name":"placesNearby"},"message":"[runtime-status] [77485] Trigger \"placesNearby\" has been found, beginning invocation!"}}
[info] i  functions: Beginning execution of "placesNearby" {"metadata":{"emulator":{"name":"functions"},"function":{"name":"placesNearby"},"message":"Beginning execution of \"placesNearby\""}}
[debug] [2021-04-29T17:39:56.000Z] [runtime-status] [77485] triggerDefinition {"httpsTrigger":{},"name":"placesNearby","entryPoint":"placesNearby"} {"metadata":{"emulator":{"name":"functions"},"function":{"name":"placesNearby"},"message":"[runtime-status] [77485] triggerDefinition {\"httpsTrigger\":{},\"name\":\"placesNearby\",\"entryPoint\":\"placesNearby\"}"}}
[debug] [2021-04-29T17:39:56.000Z] [runtime-status] [77485] Running placesNearby in mode HTTPS {"metadata":{"emulator":{"name":"functions"},"function":{"name":"placesNearby"},"message":"[runtime-status] [77485] Running placesNearby in mode HTTPS"}}
[debug] [2021-04-29T17:39:56.004Z] [runtime-status] [77485] Attempting to listen to socketPath: /var/folders/q_/x77v2wr50ss2hthq3srb36ph0000gn/T/fire_emu_77485.sock {"metadata":{"emulator":{"name":"functions"},"function":{"name":"placesNearby"},"message":"[runtime-status] [77485] Attempting to listen to socketPath: /var/folders/q_/x77v2wr50ss2hthq3srb36ph0000gn/T/fire_emu_77485.sock"}}
[debug] [2021-04-29T17:39:56.007Z] [functions] Runtime ready! Sending request! {"metadata":{"emulator":{"name":"functions"},"message":"[functions] Runtime ready! Sending request!"}}
[debug] [2021-04-29T17:39:56.012Z] [runtime-status] [77485] Ephemeral server handling GET request {"metadata":{"emulator":{"name":"functions"},"function":{"name":"placesNearby"},"message":"[runtime-status] [77485] Ephemeral server handling GET request"}}
[debug] [2021-04-29T17:39:56.017Z] [runtime-status] [77485] Ephemeral server survived. {"metadata":{"emulator":{"name":"functions"},"function":{"name":"placesNearby"},"message":"[runtime-status] [77485] Ephemeral server survived."}}
[info] i  functions: Finished "placesNearby" in ~1s {"metadata":{"emulator":{"name":"functions"},"function":{"name":"placesNearby"},"message":"Finished \"placesNearby\" in ~1s"}}
[debug] [2021-04-29T17:39:56.023Z] [worker-placesNearby-fe21565e-440a-47ef-9c92-8ccea65340ce]: IDLE {"metadata":{"emulator":{"name":"functions"},"message":"[worker-placesNearby-fe21565e-440a-47ef-9c92-8ccea65340ce]: IDLE"}}
[debug] [2021-04-29T17:39:56.023Z] [work-queue] {"queueLength":0,"workRunningCount":0}
[debug] [2021-04-29T17:41:04.561Z] [work-queue] {"queueLength":1,"workRunningCount":0}
[debug] [2021-04-29T17:41:04.561Z] [work-queue] {"queueLength":0,"workRunningCount":1}
[debug] [2021-04-29T17:41:04.561Z] Accepted request GET /mealstogo-638a6/us-central1/geocode?city=san%20francisco&mock=true --> geocode
[debug] [2021-04-29T17:41:04.562Z] [worker-pool] submitWork(triggerId=geocode) {"metadata":{"emulator":{"name":"functions"},"message":"[worker-pool] submitWork(triggerId=geocode)"}}
[debug] [2021-04-29T17:41:04.562Z] [worker-geocode-7b2fa55a-f14c-4d74-b9e2-82553a794c2a]: Assigning socketPath: /var/folders/q_/x77v2wr50ss2hthq3srb36ph0000gn/T/fire_emu_77484.sock {"metadata":{"emulator":{"name":"functions"},"message":"[worker-geocode-7b2fa55a-f14c-4d74-b9e2-82553a794c2a]: Assigning socketPath: /var/folders/q_/x77v2wr50ss2hthq3srb36ph0000gn/T/fire_emu_77484.sock"}}
[debug] [2021-04-29T17:41:04.562Z] [worker-geocode-7b2fa55a-f14c-4d74-b9e2-82553a794c2a]: BUSY {"metadata":{"emulator":{"name":"functions"},"message":"[worker-geocode-7b2fa55a-f14c-4d74-b9e2-82553a794c2a]: BUSY"}}
[debug] [2021-04-29T17:41:04.563Z] [runtime-status] [77484] Trigger "geocode" has been found, beginning invocation! {"metadata":{"emulator":{"name":"functions"},"function":{"name":"geocode"},"message":"[runtime-status] [77484] Trigger \"geocode\" has been found, beginning invocation!"}}
[info] i  functions: Beginning execution of "geocode" {"metadata":{"emulator":{"name":"functions"},"function":{"name":"geocode"},"message":"Beginning execution of \"geocode\""}}
[debug] [2021-04-29T17:41:04.563Z] [runtime-status] [77484] triggerDefinition {"httpsTrigger":{},"name":"geocode","entryPoint":"geocode"} {"metadata":{"emulator":{"name":"functions"},"function":{"name":"geocode"},"message":"[runtime-status] [77484] triggerDefinition {\"httpsTrigger\":{},\"name\":\"geocode\",\"entryPoint\":\"geocode\"}"}}
[debug] [2021-04-29T17:41:04.563Z] [runtime-status] [77484] Running geocode in mode HTTPS {"metadata":{"emulator":{"name":"functions"},"function":{"name":"geocode"},"message":"[runtime-status] [77484] Running geocode in mode HTTPS"}}
[debug] [2021-04-29T17:41:04.563Z] [runtime-status] [77484] Attempting to listen to socketPath: /var/folders/q_/x77v2wr50ss2hthq3srb36ph0000gn/T/fire_emu_77484.sock {"metadata":{"emulator":{"name":"functions"},"function":{"name":"geocode"},"message":"[runtime-status] [77484] Attempting to listen to socketPath: /var/folders/q_/x77v2wr50ss2hthq3srb36ph0000gn/T/fire_emu_77484.sock"}}
[debug] [2021-04-29T17:41:04.566Z] [functions] Runtime ready! Sending request! {"metadata":{"emulator":{"name":"functions"},"message":"[functions] Runtime ready! Sending request!"}}
[debug] [2021-04-29T17:41:04.571Z] [runtime-status] [77484] Ephemeral server handling GET request {"metadata":{"emulator":{"name":"functions"},"function":{"name":"geocode"},"message":"[runtime-status] [77484] Ephemeral server handling GET request"}}
[debug] [2021-04-29T17:41:04.573Z] [runtime-status] [77484] Ephemeral server survived. {"metadata":{"emulator":{"name":"functions"},"function":{"name":"geocode"},"message":"[runtime-status] [77484] Ephemeral server survived."}}
[info] i  functions: Finished "geocode" in ~1s {"metadata":{"emulator":{"name":"functions"},"function":{"name":"geocode"},"message":"Finished \"geocode\" in ~1s"}}
[debug] [2021-04-29T17:41:04.574Z] [worker-geocode-7b2fa55a-f14c-4d74-b9e2-82553a794c2a]: IDLE {"metadata":{"emulator":{"name":"functions"},"message":"[worker-geocode-7b2fa55a-f14c-4d74-b9e2-82553a794c2a]: IDLE"}}
[debug] [2021-04-29T17:41:04.574Z] [work-queue] {"queueLength":0,"workRunningCount":0}
[debug] [2021-04-29T17:41:04.680Z] [work-queue] {"queueLength":1,"workRunningCount":0}
[debug] [2021-04-29T17:41:04.680Z] [work-queue] {"queueLength":0,"workRunningCount":1}
[debug] [2021-04-29T17:41:04.680Z] Accepted request GET /mealstogo-638a6/us-central1/placesNearby?location=37.7749295,-122.4194155&mock=true --> placesNearby
[debug] [2021-04-29T17:41:04.680Z] [worker-pool] submitWork(triggerId=placesNearby) {"metadata":{"emulator":{"name":"functions"},"message":"[worker-pool] submitWork(triggerId=placesNearby)"}}
[debug] [2021-04-29T17:41:04.681Z] [worker-placesNearby-fe21565e-440a-47ef-9c92-8ccea65340ce]: Assigning socketPath: /var/folders/q_/x77v2wr50ss2hthq3srb36ph0000gn/T/fire_emu_77485.sock {"metadata":{"emulator":{"name":"functions"},"message":"[worker-placesNearby-fe21565e-440a-47ef-9c92-8ccea65340ce]: Assigning socketPath: /var/folders/q_/x77v2wr50ss2hthq3srb36ph0000gn/T/fire_emu_77485.sock"}}
[debug] [2021-04-29T17:41:04.681Z] [worker-placesNearby-fe21565e-440a-47ef-9c92-8ccea65340ce]: BUSY {"metadata":{"emulator":{"name":"functions"},"message":"[worker-placesNearby-fe21565e-440a-47ef-9c92-8ccea65340ce]: BUSY"}}
[debug] [2021-04-29T17:41:04.681Z] [runtime-status] [77485] Trigger "placesNearby" has been found, beginning invocation! {"metadata":{"emulator":{"name":"functions"},"function":{"name":"placesNearby"},"message":"[runtime-status] [77485] Trigger \"placesNearby\" has been found, beginning invocation!"}}
[info] i  functions: Beginning execution of "placesNearby" {"metadata":{"emulator":{"name":"functions"},"function":{"name":"placesNearby"},"message":"Beginning execution of \"placesNearby\""}}
[debug] [2021-04-29T17:41:04.682Z] [runtime-status] [77485] triggerDefinition {"httpsTrigger":{},"name":"placesNearby","entryPoint":"placesNearby"} {"metadata":{"emulator":{"name":"functions"},"function":{"name":"placesNearby"},"message":"[runtime-status] [77485] triggerDefinition {\"httpsTrigger\":{},\"name\":\"placesNearby\",\"entryPoint\":\"placesNearby\"}"}}
[debug] [2021-04-29T17:41:04.682Z] [runtime-status] [77485] Running placesNearby in mode HTTPS {"metadata":{"emulator":{"name":"functions"},"function":{"name":"placesNearby"},"message":"[runtime-status] [77485] Running placesNearby in mode HTTPS"}}
[debug] [2021-04-29T17:41:04.682Z] [runtime-status] [77485] Attempting to listen to socketPath: /var/folders/q_/x77v2wr50ss2hthq3srb36ph0000gn/T/fire_emu_77485.sock {"metadata":{"emulator":{"name":"functions"},"function":{"name":"placesNearby"},"message":"[runtime-status] [77485] Attempting to listen to socketPath: /var/folders/q_/x77v2wr50ss2hthq3srb36ph0000gn/T/fire_emu_77485.sock"}}
[debug] [2021-04-29T17:41:04.683Z] [functions] Runtime ready! Sending request! {"metadata":{"emulator":{"name":"functions"},"message":"[functions] Runtime ready! Sending request!"}}
[debug] [2021-04-29T17:41:04.686Z] [runtime-status] [77485] Ephemeral server handling GET request {"metadata":{"emulator":{"name":"functions"},"function":{"name":"placesNearby"},"message":"[runtime-status] [77485] Ephemeral server handling GET request"}}
[debug] [2021-04-29T17:41:04.689Z] [runtime-status] [77485] Ephemeral server survived. {"metadata":{"emulator":{"name":"functions"},"function":{"name":"placesNearby"},"message":"[runtime-status] [77485] Ephemeral server survived."}}
[info] i  functions: Finished "placesNearby" in ~1s {"metadata":{"emulator":{"name":"functions"},"function":{"name":"placesNearby"},"message":"Finished \"placesNearby\" in ~1s"}}
[debug] [2021-04-29T17:41:04.690Z] [worker-placesNearby-fe21565e-440a-47ef-9c92-8ccea65340ce]: IDLE {"metadata":{"emulator":{"name":"functions"},"message":"[worker-placesNearby-fe21565e-440a-47ef-9c92-8ccea65340ce]: IDLE"}}
[debug] [2021-04-29T17:41:04.690Z] [work-queue] {"queueLength":0,"workRunningCount":0}
[debug] [2021-04-29T17:41:31.407Z] [work-queue] {"queueLength":1,"workRunningCount":0}
[debug] [2021-04-29T17:41:31.407Z] [work-queue] {"queueLength":0,"workRunningCount":1}
[debug] [2021-04-29T17:41:31.408Z] Accepted request GET /mealstogo-638a6/us-central1/geocode?city=san%20francisco&mock=true --> geocode
[debug] [2021-04-29T17:41:31.408Z] [worker-pool] submitWork(triggerId=geocode) {"metadata":{"emulator":{"name":"functions"},"message":"[worker-pool] submitWork(triggerId=geocode)"}}
[debug] [2021-04-29T17:41:31.408Z] [worker-geocode-7b2fa55a-f14c-4d74-b9e2-82553a794c2a]: Assigning socketPath: /var/folders/q_/x77v2wr50ss2hthq3srb36ph0000gn/T/fire_emu_77484.sock {"metadata":{"emulator":{"name":"functions"},"message":"[worker-geocode-7b2fa55a-f14c-4d74-b9e2-82553a794c2a]: Assigning socketPath: /var/folders/q_/x77v2wr50ss2hthq3srb36ph0000gn/T/fire_emu_77484.sock"}}
[debug] [2021-04-29T17:41:31.408Z] [worker-geocode-7b2fa55a-f14c-4d74-b9e2-82553a794c2a]: BUSY {"metadata":{"emulator":{"name":"functions"},"message":"[worker-geocode-7b2fa55a-f14c-4d74-b9e2-82553a794c2a]: BUSY"}}
[debug] [2021-04-29T17:41:31.409Z] [runtime-status] [77484] Trigger "geocode" has been found, beginning invocation! {"metadata":{"emulator":{"name":"functions"},"function":{"name":"geocode"},"message":"[runtime-status] [77484] Trigger \"geocode\" has been found, beginning invocation!"}}
[info] i  functions: Beginning execution of "geocode" {"metadata":{"emulator":{"name":"functions"},"function":{"name":"geocode"},"message":"Beginning execution of \"geocode\""}}
[debug] [2021-04-29T17:41:31.410Z] [runtime-status] [77484] triggerDefinition {"httpsTrigger":{},"name":"geocode","entryPoint":"geocode"} {"metadata":{"emulator":{"name":"functions"},"function":{"name":"geocode"},"message":"[runtime-status] [77484] triggerDefinition {\"httpsTrigger\":{},\"name\":\"geocode\",\"entryPoint\":\"geocode\"}"}}
[debug] [2021-04-29T17:41:31.410Z] [runtime-status] [77484] Running geocode in mode HTTPS {"metadata":{"emulator":{"name":"functions"},"function":{"name":"geocode"},"message":"[runtime-status] [77484] Running geocode in mode HTTPS"}}
[debug] [2021-04-29T17:41:31.410Z] [runtime-status] [77484] Attempting to listen to socketPath: /var/folders/q_/x77v2wr50ss2hthq3srb36ph0000gn/T/fire_emu_77484.sock {"metadata":{"emulator":{"name":"functions"},"function":{"name":"geocode"},"message":"[runtime-status] [77484] Attempting to listen to socketPath: /var/folders/q_/x77v2wr50ss2hthq3srb36ph0000gn/T/fire_emu_77484.sock"}}
[debug] [2021-04-29T17:41:31.411Z] [functions] Runtime ready! Sending request! {"metadata":{"emulator":{"name":"functions"},"message":"[functions] Runtime ready! Sending request!"}}
[debug] [2021-04-29T17:41:31.415Z] [runtime-status] [77484] Ephemeral server handling GET request {"metadata":{"emulator":{"name":"functions"},"function":{"name":"geocode"},"message":"[runtime-status] [77484] Ephemeral server handling GET request"}}
[debug] [2021-04-29T17:41:31.416Z] [runtime-status] [77484] Ephemeral server survived. {"metadata":{"emulator":{"name":"functions"},"function":{"name":"geocode"},"message":"[runtime-status] [77484] Ephemeral server survived."}}
[info] i  functions: Finished "geocode" in ~1s {"metadata":{"emulator":{"name":"functions"},"function":{"name":"geocode"},"message":"Finished \"geocode\" in ~1s"}}
[debug] [2021-04-29T17:41:31.418Z] [worker-geocode-7b2fa55a-f14c-4d74-b9e2-82553a794c2a]: IDLE {"metadata":{"emulator":{"name":"functions"},"message":"[worker-geocode-7b2fa55a-f14c-4d74-b9e2-82553a794c2a]: IDLE"}}
[debug] [2021-04-29T17:41:31.419Z] [work-queue] {"queueLength":0,"workRunningCount":0}
[debug] [2021-04-29T17:41:31.517Z] [work-queue] {"queueLength":1,"workRunningCount":0}
[debug] [2021-04-29T17:41:31.518Z] [work-queue] {"queueLength":0,"workRunningCount":1}
[debug] [2021-04-29T17:41:31.518Z] Accepted request GET /mealstogo-638a6/us-central1/placesNearby?location=37.7749295,-122.4194155&mock=true --> placesNearby
[debug] [2021-04-29T17:41:31.518Z] [worker-pool] submitWork(triggerId=placesNearby) {"metadata":{"emulator":{"name":"functions"},"message":"[worker-pool] submitWork(triggerId=placesNearby)"}}
[debug] [2021-04-29T17:41:31.518Z] [worker-placesNearby-fe21565e-440a-47ef-9c92-8ccea65340ce]: Assigning socketPath: /var/folders/q_/x77v2wr50ss2hthq3srb36ph0000gn/T/fire_emu_77485.sock {"metadata":{"emulator":{"name":"functions"},"message":"[worker-placesNearby-fe21565e-440a-47ef-9c92-8ccea65340ce]: Assigning socketPath: /var/folders/q_/x77v2wr50ss2hthq3srb36ph0000gn/T/fire_emu_77485.sock"}}
[debug] [2021-04-29T17:41:31.518Z] [worker-placesNearby-fe21565e-440a-47ef-9c92-8ccea65340ce]: BUSY {"metadata":{"emulator":{"name":"functions"},"message":"[worker-placesNearby-fe21565e-440a-47ef-9c92-8ccea65340ce]: BUSY"}}
[debug] [2021-04-29T17:41:31.518Z] [runtime-status] [77485] Trigger "placesNearby" has been found, beginning invocation! {"metadata":{"emulator":{"name":"functions"},"function":{"name":"placesNearby"},"message":"[runtime-status] [77485] Trigger \"placesNearby\" has been found, beginning invocation!"}}
[info] i  functions: Beginning execution of "placesNearby" {"metadata":{"emulator":{"name":"functions"},"function":{"name":"placesNearby"},"message":"Beginning execution of \"placesNearby\""}}
[debug] [2021-04-29T17:41:31.519Z] [runtime-status] [77485] triggerDefinition {"httpsTrigger":{},"name":"placesNearby","entryPoint":"placesNearby"} {"metadata":{"emulator":{"name":"functions"},"function":{"name":"placesNearby"},"message":"[runtime-status] [77485] triggerDefinition {\"httpsTrigger\":{},\"name\":\"placesNearby\",\"entryPoint\":\"placesNearby\"}"}}
[debug] [2021-04-29T17:41:31.519Z] [runtime-status] [77485] Running placesNearby in mode HTTPS {"metadata":{"emulator":{"name":"functions"},"function":{"name":"placesNearby"},"message":"[runtime-status] [77485] Running placesNearby in mode HTTPS"}}
[debug] [2021-04-29T17:41:31.519Z] [runtime-status] [77485] Attempting to listen to socketPath: /var/folders/q_/x77v2wr50ss2hthq3srb36ph0000gn/T/fire_emu_77485.sock {"metadata":{"emulator":{"name":"functions"},"function":{"name":"placesNearby"},"message":"[runtime-status] [77485] Attempting to listen to socketPath: /var/folders/q_/x77v2wr50ss2hthq3srb36ph0000gn/T/fire_emu_77485.sock"}}
[debug] [2021-04-29T17:41:31.520Z] [functions] Runtime ready! Sending request! {"metadata":{"emulator":{"name":"functions"},"message":"[functions] Runtime ready! Sending request!"}}
[debug] [2021-04-29T17:41:31.522Z] [runtime-status] [77485] Ephemeral server handling GET request {"metadata":{"emulator":{"name":"functions"},"function":{"name":"placesNearby"},"message":"[runtime-status] [77485] Ephemeral server handling GET request"}}
[debug] [2021-04-29T17:41:31.524Z] [runtime-status] [77485] Ephemeral server survived. {"metadata":{"emulator":{"name":"functions"},"function":{"name":"placesNearby"},"message":"[runtime-status] [77485] Ephemeral server survived."}}
[info] i  functions: Finished "placesNearby" in ~1s {"metadata":{"emulator":{"name":"functions"},"function":{"name":"placesNearby"},"message":"Finished \"placesNearby\" in ~1s"}}
[debug] [2021-04-29T17:41:31.526Z] [worker-placesNearby-fe21565e-440a-47ef-9c92-8ccea65340ce]: IDLE {"metadata":{"emulator":{"name":"functions"},"message":"[worker-placesNearby-fe21565e-440a-47ef-9c92-8ccea65340ce]: IDLE"}}
[debug] [2021-04-29T17:41:31.526Z] [work-queue] {"queueLength":0,"workRunningCount":0}
[debug] [2021-04-29T17:42:21.395Z] [work-queue] {"queueLength":1,"workRunningCount":0}
[debug] [2021-04-29T17:42:21.395Z] [work-queue] {"queueLength":0,"workRunningCount":1}
[debug] [2021-04-29T17:42:21.395Z] Accepted request GET /mealstogo-638a6/us-central1/geocode?city=san%20francisco&mock=true --> geocode
[debug] [2021-04-29T17:42:21.396Z] [worker-pool] submitWork(triggerId=geocode) {"metadata":{"emulator":{"name":"functions"},"message":"[worker-pool] submitWork(triggerId=geocode)"}}
[debug] [2021-04-29T17:42:21.396Z] [worker-geocode-7b2fa55a-f14c-4d74-b9e2-82553a794c2a]: Assigning socketPath: /var/folders/q_/x77v2wr50ss2hthq3srb36ph0000gn/T/fire_emu_77484.sock {"metadata":{"emulator":{"name":"functions"},"message":"[worker-geocode-7b2fa55a-f14c-4d74-b9e2-82553a794c2a]: Assigning socketPath: /var/folders/q_/x77v2wr50ss2hthq3srb36ph0000gn/T/fire_emu_77484.sock"}}
[debug] [2021-04-29T17:42:21.396Z] [worker-geocode-7b2fa55a-f14c-4d74-b9e2-82553a794c2a]: BUSY {"metadata":{"emulator":{"name":"functions"},"message":"[worker-geocode-7b2fa55a-f14c-4d74-b9e2-82553a794c2a]: BUSY"}}
[debug] [2021-04-29T17:42:21.397Z] [runtime-status] [77484] Trigger "geocode" has been found, beginning invocation! {"metadata":{"emulator":{"name":"functions"},"function":{"name":"geocode"},"message":"[runtime-status] [77484] Trigger \"geocode\" has been found, beginning invocation!"}}
[info] i  functions: Beginning execution of "geocode" {"metadata":{"emulator":{"name":"functions"},"function":{"name":"geocode"},"message":"Beginning execution of \"geocode\""}}
[debug] [2021-04-29T17:42:21.398Z] [runtime-status] [77484] triggerDefinition {"httpsTrigger":{},"name":"geocode","entryPoint":"geocode"} {"metadata":{"emulator":{"name":"functions"},"function":{"name":"geocode"},"message":"[runtime-status] [77484] triggerDefinition {\"httpsTrigger\":{},\"name\":\"geocode\",\"entryPoint\":\"geocode\"}"}}
[debug] [2021-04-29T17:42:21.398Z] [runtime-status] [77484] Running geocode in mode HTTPS {"metadata":{"emulator":{"name":"functions"},"function":{"name":"geocode"},"message":"[runtime-status] [77484] Running geocode in mode HTTPS"}}
[debug] [2021-04-29T17:42:21.399Z] [runtime-status] [77484] Attempting to listen to socketPath: /var/folders/q_/x77v2wr50ss2hthq3srb36ph0000gn/T/fire_emu_77484.sock {"metadata":{"emulator":{"name":"functions"},"function":{"name":"geocode"},"message":"[runtime-status] [77484] Attempting to listen to socketPath: /var/folders/q_/x77v2wr50ss2hthq3srb36ph0000gn/T/fire_emu_77484.sock"}}
[debug] [2021-04-29T17:42:21.399Z] [functions] Runtime ready! Sending request! {"metadata":{"emulator":{"name":"functions"},"message":"[functions] Runtime ready! Sending request!"}}
[debug] [2021-04-29T17:42:21.403Z] [runtime-status] [77484] Ephemeral server handling GET request {"metadata":{"emulator":{"name":"functions"},"function":{"name":"geocode"},"message":"[runtime-status] [77484] Ephemeral server handling GET request"}}
[debug] [2021-04-29T17:42:21.404Z] [runtime-status] [77484] Ephemeral server survived. {"metadata":{"emulator":{"name":"functions"},"function":{"name":"geocode"},"message":"[runtime-status] [77484] Ephemeral server survived."}}
[info] i  functions: Finished "geocode" in ~1s {"metadata":{"emulator":{"name":"functions"},"function":{"name":"geocode"},"message":"Finished \"geocode\" in ~1s"}}
[debug] [2021-04-29T17:42:21.405Z] [worker-geocode-7b2fa55a-f14c-4d74-b9e2-82553a794c2a]: IDLE {"metadata":{"emulator":{"name":"functions"},"message":"[worker-geocode-7b2fa55a-f14c-4d74-b9e2-82553a794c2a]: IDLE"}}
[debug] [2021-04-29T17:42:21.405Z] [work-queue] {"queueLength":0,"workRunningCount":0}
[debug] [2021-04-29T17:42:21.587Z] [work-queue] {"queueLength":1,"workRunningCount":0}
[debug] [2021-04-29T17:42:21.588Z] [work-queue] {"queueLength":0,"workRunningCount":1}
[debug] [2021-04-29T17:42:21.588Z] Accepted request GET /mealstogo-638a6/us-central1/placesNearby?location=37.7749295,-122.4194155&mock=true --> placesNearby
[debug] [2021-04-29T17:42:21.588Z] [worker-pool] submitWork(triggerId=placesNearby) {"metadata":{"emulator":{"name":"functions"},"message":"[worker-pool] submitWork(triggerId=placesNearby)"}}
[debug] [2021-04-29T17:42:21.588Z] [worker-placesNearby-fe21565e-440a-47ef-9c92-8ccea65340ce]: Assigning socketPath: /var/folders/q_/x77v2wr50ss2hthq3srb36ph0000gn/T/fire_emu_77485.sock {"metadata":{"emulator":{"name":"functions"},"message":"[worker-placesNearby-fe21565e-440a-47ef-9c92-8ccea65340ce]: Assigning socketPath: /var/folders/q_/x77v2wr50ss2hthq3srb36ph0000gn/T/fire_emu_77485.sock"}}
[debug] [2021-04-29T17:42:21.588Z] [worker-placesNearby-fe21565e-440a-47ef-9c92-8ccea65340ce]: BUSY {"metadata":{"emulator":{"name":"functions"},"message":"[worker-placesNearby-fe21565e-440a-47ef-9c92-8ccea65340ce]: BUSY"}}
[debug] [2021-04-29T17:42:21.588Z] [runtime-status] [77485] Trigger "placesNearby" has been found, beginning invocation! {"metadata":{"emulator":{"name":"functions"},"function":{"name":"placesNearby"},"message":"[runtime-status] [77485] Trigger \"placesNearby\" has been found, beginning invocation!"}}
[info] i  functions: Beginning execution of "placesNearby" {"metadata":{"emulator":{"name":"functions"},"function":{"name":"placesNearby"},"message":"Beginning execution of \"placesNearby\""}}
[debug] [2021-04-29T17:42:21.589Z] [runtime-status] [77485] triggerDefinition {"httpsTrigger":{},"name":"placesNearby","entryPoint":"placesNearby"} {"metadata":{"emulator":{"name":"functions"},"function":{"name":"placesNearby"},"message":"[runtime-status] [77485] triggerDefinition {\"httpsTrigger\":{},\"name\":\"placesNearby\",\"entryPoint\":\"placesNearby\"}"}}
[debug] [2021-04-29T17:42:21.589Z] [runtime-status] [77485] Running placesNearby in mode HTTPS {"metadata":{"emulator":{"name":"functions"},"function":{"name":"placesNearby"},"message":"[runtime-status] [77485] Running placesNearby in mode HTTPS"}}
[debug] [2021-04-29T17:42:21.589Z] [runtime-status] [77485] Attempting to listen to socketPath: /var/folders/q_/x77v2wr50ss2hthq3srb36ph0000gn/T/fire_emu_77485.sock {"metadata":{"emulator":{"name":"functions"},"function":{"name":"placesNearby"},"message":"[runtime-status] [77485] Attempting to listen to socketPath: /var/folders/q_/x77v2wr50ss2hthq3srb36ph0000gn/T/fire_emu_77485.sock"}}
[debug] [2021-04-29T17:42:21.590Z] [functions] Runtime ready! Sending request! {"metadata":{"emulator":{"name":"functions"},"message":"[functions] Runtime ready! Sending request!"}}
[debug] [2021-04-29T17:42:21.592Z] [runtime-status] [77485] Ephemeral server handling GET request {"metadata":{"emulator":{"name":"functions"},"function":{"name":"placesNearby"},"message":"[runtime-status] [77485] Ephemeral server handling GET request"}}
[debug] [2021-04-29T17:42:21.593Z] [runtime-status] [77485] Ephemeral server survived. {"metadata":{"emulator":{"name":"functions"},"function":{"name":"placesNearby"},"message":"[runtime-status] [77485] Ephemeral server survived."}}
[info] i  functions: Finished "placesNearby" in ~1s {"metadata":{"emulator":{"name":"functions"},"function":{"name":"placesNearby"},"message":"Finished \"placesNearby\" in ~1s"}}
[debug] [2021-04-29T17:42:21.595Z] [worker-placesNearby-fe21565e-440a-47ef-9c92-8ccea65340ce]: IDLE {"metadata":{"emulator":{"name":"functions"},"message":"[worker-placesNearby-fe21565e-440a-47ef-9c92-8ccea65340ce]: IDLE"}}
[debug] [2021-04-29T17:42:21.595Z] [work-queue] {"queueLength":0,"workRunningCount":0}
[debug] [2021-04-29T17:49:09.157Z] [work-queue] {"queueLength":1,"workRunningCount":0}
[debug] [2021-04-29T17:49:09.157Z] [work-queue] {"queueLength":0,"workRunningCount":1}
[debug] [2021-04-29T17:49:09.157Z] Accepted request GET /mealstogo-638a6/us-central1/geocode?city=san%20francisco&mock=true --> geocode
[debug] [2021-04-29T17:49:09.158Z] [worker-pool] submitWork(triggerId=geocode) {"metadata":{"emulator":{"name":"functions"},"message":"[worker-pool] submitWork(triggerId=geocode)"}}
[debug] [2021-04-29T17:49:09.158Z] [worker-geocode-7b2fa55a-f14c-4d74-b9e2-82553a794c2a]: Assigning socketPath: /var/folders/q_/x77v2wr50ss2hthq3srb36ph0000gn/T/fire_emu_77484.sock {"metadata":{"emulator":{"name":"functions"},"message":"[worker-geocode-7b2fa55a-f14c-4d74-b9e2-82553a794c2a]: Assigning socketPath: /var/folders/q_/x77v2wr50ss2hthq3srb36ph0000gn/T/fire_emu_77484.sock"}}
[debug] [2021-04-29T17:49:09.158Z] [worker-geocode-7b2fa55a-f14c-4d74-b9e2-82553a794c2a]: BUSY {"metadata":{"emulator":{"name":"functions"},"message":"[worker-geocode-7b2fa55a-f14c-4d74-b9e2-82553a794c2a]: BUSY"}}
[debug] [2021-04-29T17:49:09.159Z] [runtime-status] [77484] Trigger "geocode" has been found, beginning invocation! {"metadata":{"emulator":{"name":"functions"},"function":{"name":"geocode"},"message":"[runtime-status] [77484] Trigger \"geocode\" has been found, beginning invocation!"}}
[info] i  functions: Beginning execution of "geocode" {"metadata":{"emulator":{"name":"functions"},"function":{"name":"geocode"},"message":"Beginning execution of \"geocode\""}}
[debug] [2021-04-29T17:49:09.159Z] [runtime-status] [77484] triggerDefinition {"httpsTrigger":{},"name":"geocode","entryPoint":"geocode"} {"metadata":{"emulator":{"name":"functions"},"function":{"name":"geocode"},"message":"[runtime-status] [77484] triggerDefinition {\"httpsTrigger\":{},\"name\":\"geocode\",\"entryPoint\":\"geocode\"}"}}
[debug] [2021-04-29T17:49:09.159Z] [runtime-status] [77484] Running geocode in mode HTTPS {"metadata":{"emulator":{"name":"functions"},"function":{"name":"geocode"},"message":"[runtime-status] [77484] Running geocode in mode HTTPS"}}
[debug] [2021-04-29T17:49:09.159Z] [runtime-status] [77484] Attempting to listen to socketPath: /var/folders/q_/x77v2wr50ss2hthq3srb36ph0000gn/T/fire_emu_77484.sock {"metadata":{"emulator":{"name":"functions"},"function":{"name":"geocode"},"message":"[runtime-status] [77484] Attempting to listen to socketPath: /var/folders/q_/x77v2wr50ss2hthq3srb36ph0000gn/T/fire_emu_77484.sock"}}
[debug] [2021-04-29T17:49:09.160Z] [functions] Runtime ready! Sending request! {"metadata":{"emulator":{"name":"functions"},"message":"[functions] Runtime ready! Sending request!"}}
[debug] [2021-04-29T17:49:09.164Z] [runtime-status] [77484] Ephemeral server handling GET request {"metadata":{"emulator":{"name":"functions"},"function":{"name":"geocode"},"message":"[runtime-status] [77484] Ephemeral server handling GET request"}}
[debug] [2021-04-29T17:49:09.167Z] [runtime-status] [77484] Ephemeral server survived. {"metadata":{"emulator":{"name":"functions"},"function":{"name":"geocode"},"message":"[runtime-status] [77484] Ephemeral server survived."}}
[info] i  functions: Finished "geocode" in ~1s {"metadata":{"emulator":{"name":"functions"},"function":{"name":"geocode"},"message":"Finished \"geocode\" in ~1s"}}
[debug] [2021-04-29T17:49:09.169Z] [worker-geocode-7b2fa55a-f14c-4d74-b9e2-82553a794c2a]: IDLE {"metadata":{"emulator":{"name":"functions"},"message":"[worker-geocode-7b2fa55a-f14c-4d74-b9e2-82553a794c2a]: IDLE"}}
[debug] [2021-04-29T17:49:09.169Z] [work-queue] {"queueLength":0,"workRunningCount":0}
[debug] [2021-04-29T17:49:09.260Z] [work-queue] {"queueLength":1,"workRunningCount":0}
[debug] [2021-04-29T17:49:09.260Z] [work-queue] {"queueLength":0,"workRunningCount":1}
[debug] [2021-04-29T17:49:09.260Z] Accepted request GET /mealstogo-638a6/us-central1/placesNearby?location=37.7749295,-122.4194155&mock=true --> placesNearby
[debug] [2021-04-29T17:49:09.260Z] [worker-pool] submitWork(triggerId=placesNearby) {"metadata":{"emulator":{"name":"functions"},"message":"[worker-pool] submitWork(triggerId=placesNearby)"}}
[debug] [2021-04-29T17:49:09.261Z] [worker-placesNearby-fe21565e-440a-47ef-9c92-8ccea65340ce]: Assigning socketPath: /var/folders/q_/x77v2wr50ss2hthq3srb36ph0000gn/T/fire_emu_77485.sock {"metadata":{"emulator":{"name":"functions"},"message":"[worker-placesNearby-fe21565e-440a-47ef-9c92-8ccea65340ce]: Assigning socketPath: /var/folders/q_/x77v2wr50ss2hthq3srb36ph0000gn/T/fire_emu_77485.sock"}}
[debug] [2021-04-29T17:49:09.261Z] [worker-placesNearby-fe21565e-440a-47ef-9c92-8ccea65340ce]: BUSY {"metadata":{"emulator":{"name":"functions"},"message":"[worker-placesNearby-fe21565e-440a-47ef-9c92-8ccea65340ce]: BUSY"}}
[debug] [2021-04-29T17:49:09.261Z] [runtime-status] [77485] Trigger "placesNearby" has been found, beginning invocation! {"metadata":{"emulator":{"name":"functions"},"function":{"name":"placesNearby"},"message":"[runtime-status] [77485] Trigger \"placesNearby\" has been found, beginning invocation!"}}
[info] i  functions: Beginning execution of "placesNearby" {"metadata":{"emulator":{"name":"functions"},"function":{"name":"placesNearby"},"message":"Beginning execution of \"placesNearby\""}}
[debug] [2021-04-29T17:49:09.262Z] [runtime-status] [77485] triggerDefinition {"httpsTrigger":{},"name":"placesNearby","entryPoint":"placesNearby"} {"metadata":{"emulator":{"name":"functions"},"function":{"name":"placesNearby"},"message":"[runtime-status] [77485] triggerDefinition {\"httpsTrigger\":{},\"name\":\"placesNearby\",\"entryPoint\":\"placesNearby\"}"}}
[debug] [2021-04-29T17:49:09.263Z] [runtime-status] [77485] Running placesNearby in mode HTTPS {"metadata":{"emulator":{"name":"functions"},"function":{"name":"placesNearby"},"message":"[runtime-status] [77485] Running placesNearby in mode HTTPS"}}
[debug] [2021-04-29T17:49:09.263Z] [runtime-status] [77485] Attempting to listen to socketPath: /var/folders/q_/x77v2wr50ss2hthq3srb36ph0000gn/T/fire_emu_77485.sock {"metadata":{"emulator":{"name":"functions"},"function":{"name":"placesNearby"},"message":"[runtime-status] [77485] Attempting to listen to socketPath: /var/folders/q_/x77v2wr50ss2hthq3srb36ph0000gn/T/fire_emu_77485.sock"}}
[debug] [2021-04-29T17:49:09.264Z] [functions] Runtime ready! Sending request! {"metadata":{"emulator":{"name":"functions"},"message":"[functions] Runtime ready! Sending request!"}}
[debug] [2021-04-29T17:49:09.267Z] [runtime-status] [77485] Ephemeral server handling GET request {"metadata":{"emulator":{"name":"functions"},"function":{"name":"placesNearby"},"message":"[runtime-status] [77485] Ephemeral server handling GET request"}}
[debug] [2021-04-29T17:49:09.269Z] [runtime-status] [77485] Ephemeral server survived. {"metadata":{"emulator":{"name":"functions"},"function":{"name":"placesNearby"},"message":"[runtime-status] [77485] Ephemeral server survived."}}
[info] i  functions: Finished "placesNearby" in ~1s {"metadata":{"emulator":{"name":"functions"},"function":{"name":"placesNearby"},"message":"Finished \"placesNearby\" in ~1s"}}
[debug] [2021-04-29T17:49:09.270Z] [worker-placesNearby-fe21565e-440a-47ef-9c92-8ccea65340ce]: IDLE {"metadata":{"emulator":{"name":"functions"},"message":"[worker-placesNearby-fe21565e-440a-47ef-9c92-8ccea65340ce]: IDLE"}}
[debug] [2021-04-29T17:49:09.271Z] [work-queue] {"queueLength":0,"workRunningCount":0}
[debug] [2021-04-29T17:50:21.345Z] [work-queue] {"queueLength":1,"workRunningCount":0}
[debug] [2021-04-29T17:50:21.345Z] [work-queue] {"queueLength":0,"workRunningCount":1}
[debug] [2021-04-29T17:50:21.345Z] Accepted request GET /mealstogo-638a6/us-central1/geocode?city=san%20francisco&mock=true --> geocode
[debug] [2021-04-29T17:50:21.345Z] [worker-pool] submitWork(triggerId=geocode) {"metadata":{"emulator":{"name":"functions"},"message":"[worker-pool] submitWork(triggerId=geocode)"}}
[debug] [2021-04-29T17:50:21.345Z] [worker-geocode-7b2fa55a-f14c-4d74-b9e2-82553a794c2a]: Assigning socketPath: /var/folders/q_/x77v2wr50ss2hthq3srb36ph0000gn/T/fire_emu_77484.sock {"metadata":{"emulator":{"name":"functions"},"message":"[worker-geocode-7b2fa55a-f14c-4d74-b9e2-82553a794c2a]: Assigning socketPath: /var/folders/q_/x77v2wr50ss2hthq3srb36ph0000gn/T/fire_emu_77484.sock"}}
[debug] [2021-04-29T17:50:21.345Z] [worker-geocode-7b2fa55a-f14c-4d74-b9e2-82553a794c2a]: BUSY {"metadata":{"emulator":{"name":"functions"},"message":"[worker-geocode-7b2fa55a-f14c-4d74-b9e2-82553a794c2a]: BUSY"}}
[debug] [2021-04-29T17:50:21.346Z] [runtime-status] [77484] Trigger "geocode" has been found, beginning invocation! {"metadata":{"emulator":{"name":"functions"},"function":{"name":"geocode"},"message":"[runtime-status] [77484] Trigger \"geocode\" has been found, beginning invocation!"}}
[info] i  functions: Beginning execution of "geocode" {"metadata":{"emulator":{"name":"functions"},"function":{"name":"geocode"},"message":"Beginning execution of \"geocode\""}}
[debug] [2021-04-29T17:50:21.346Z] [runtime-status] [77484] triggerDefinition {"httpsTrigger":{},"name":"geocode","entryPoint":"geocode"} {"metadata":{"emulator":{"name":"functions"},"function":{"name":"geocode"},"message":"[runtime-status] [77484] triggerDefinition {\"httpsTrigger\":{},\"name\":\"geocode\",\"entryPoint\":\"geocode\"}"}}
[debug] [2021-04-29T17:50:21.347Z] [runtime-status] [77484] Running geocode in mode HTTPS {"metadata":{"emulator":{"name":"functions"},"function":{"name":"geocode"},"message":"[runtime-status] [77484] Running geocode in mode HTTPS"}}
[debug] [2021-04-29T17:50:21.347Z] [runtime-status] [77484] Attempting to listen to socketPath: /var/folders/q_/x77v2wr50ss2hthq3srb36ph0000gn/T/fire_emu_77484.sock {"metadata":{"emulator":{"name":"functions"},"function":{"name":"geocode"},"message":"[runtime-status] [77484] Attempting to listen to socketPath: /var/folders/q_/x77v2wr50ss2hthq3srb36ph0000gn/T/fire_emu_77484.sock"}}
[debug] [2021-04-29T17:50:21.348Z] [functions] Runtime ready! Sending request! {"metadata":{"emulator":{"name":"functions"},"message":"[functions] Runtime ready! Sending request!"}}
[debug] [2021-04-29T17:50:21.350Z] [runtime-status] [77484] Ephemeral server handling GET request {"metadata":{"emulator":{"name":"functions"},"function":{"name":"geocode"},"message":"[runtime-status] [77484] Ephemeral server handling GET request"}}
[debug] [2021-04-29T17:50:21.351Z] [runtime-status] [77484] Ephemeral server survived. {"metadata":{"emulator":{"name":"functions"},"function":{"name":"geocode"},"message":"[runtime-status] [77484] Ephemeral server survived."}}
[info] i  functions: Finished "geocode" in ~1s {"metadata":{"emulator":{"name":"functions"},"function":{"name":"geocode"},"message":"Finished \"geocode\" in ~1s"}}
[debug] [2021-04-29T17:50:21.352Z] [worker-geocode-7b2fa55a-f14c-4d74-b9e2-82553a794c2a]: IDLE {"metadata":{"emulator":{"name":"functions"},"message":"[worker-geocode-7b2fa55a-f14c-4d74-b9e2-82553a794c2a]: IDLE"}}
[debug] [2021-04-29T17:50:21.352Z] [work-queue] {"queueLength":0,"workRunningCount":0}
[debug] [2021-04-29T17:50:21.399Z] [work-queue] {"queueLength":1,"workRunningCount":0}
[debug] [2021-04-29T17:50:21.399Z] [work-queue] {"queueLength":0,"workRunningCount":1}
[debug] [2021-04-29T17:50:21.399Z] Accepted request GET /mealstogo-638a6/us-central1/placesNearby?location=37.7749295,-122.4194155&mock=true --> placesNearby
[debug] [2021-04-29T17:50:21.399Z] [worker-pool] submitWork(triggerId=placesNearby) {"metadata":{"emulator":{"name":"functions"},"message":"[worker-pool] submitWork(triggerId=placesNearby)"}}
[debug] [2021-04-29T17:50:21.400Z] [worker-placesNearby-fe21565e-440a-47ef-9c92-8ccea65340ce]: Assigning socketPath: /var/folders/q_/x77v2wr50ss2hthq3srb36ph0000gn/T/fire_emu_77485.sock {"metadata":{"emulator":{"name":"functions"},"message":"[worker-placesNearby-fe21565e-440a-47ef-9c92-8ccea65340ce]: Assigning socketPath: /var/folders/q_/x77v2wr50ss2hthq3srb36ph0000gn/T/fire_emu_77485.sock"}}
[debug] [2021-04-29T17:50:21.400Z] [worker-placesNearby-fe21565e-440a-47ef-9c92-8ccea65340ce]: BUSY {"metadata":{"emulator":{"name":"functions"},"message":"[worker-placesNearby-fe21565e-440a-47ef-9c92-8ccea65340ce]: BUSY"}}
[debug] [2021-04-29T17:50:21.401Z] [runtime-status] [77485] Trigger "placesNearby" has been found, beginning invocation! {"metadata":{"emulator":{"name":"functions"},"function":{"name":"placesNearby"},"message":"[runtime-status] [77485] Trigger \"placesNearby\" has been found, beginning invocation!"}}
[info] i  functions: Beginning execution of "placesNearby" {"metadata":{"emulator":{"name":"functions"},"function":{"name":"placesNearby"},"message":"Beginning execution of \"placesNearby\""}}
[debug] [2021-04-29T17:50:21.401Z] [runtime-status] [77485] triggerDefinition {"httpsTrigger":{},"name":"placesNearby","entryPoint":"placesNearby"} {"metadata":{"emulator":{"name":"functions"},"function":{"name":"placesNearby"},"message":"[runtime-status] [77485] triggerDefinition {\"httpsTrigger\":{},\"name\":\"placesNearby\",\"entryPoint\":\"placesNearby\"}"}}
[debug] [2021-04-29T17:50:21.402Z] [runtime-status] [77485] Running placesNearby in mode HTTPS {"metadata":{"emulator":{"name":"functions"},"function":{"name":"placesNearby"},"message":"[runtime-status] [77485] Running placesNearby in mode HTTPS"}}
[debug] [2021-04-29T17:50:21.403Z] [runtime-status] [77485] Attempting to listen to socketPath: /var/folders/q_/x77v2wr50ss2hthq3srb36ph0000gn/T/fire_emu_77485.sock {"metadata":{"emulator":{"name":"functions"},"function":{"name":"placesNearby"},"message":"[runtime-status] [77485] Attempting to listen to socketPath: /var/folders/q_/x77v2wr50ss2hthq3srb36ph0000gn/T/fire_emu_77485.sock"}}
[debug] [2021-04-29T17:50:21.404Z] [functions] Runtime ready! Sending request! {"metadata":{"emulator":{"name":"functions"},"message":"[functions] Runtime ready! Sending request!"}}
[debug] [2021-04-29T17:50:21.409Z] [runtime-status] [77485] Ephemeral server handling GET request {"metadata":{"emulator":{"name":"functions"},"function":{"name":"placesNearby"},"message":"[runtime-status] [77485] Ephemeral server handling GET request"}}
[debug] [2021-04-29T17:50:21.409Z] [runtime-status] [77485] Ephemeral server survived. {"metadata":{"emulator":{"name":"functions"},"function":{"name":"placesNearby"},"message":"[runtime-status] [77485] Ephemeral server survived."}}
[info] i  functions: Finished "placesNearby" in ~1s {"metadata":{"emulator":{"name":"functions"},"function":{"name":"placesNearby"},"message":"Finished \"placesNearby\" in ~1s"}}
[debug] [2021-04-29T17:50:21.417Z] [worker-placesNearby-fe21565e-440a-47ef-9c92-8ccea65340ce]: IDLE {"metadata":{"emulator":{"name":"functions"},"message":"[worker-placesNearby-fe21565e-440a-47ef-9c92-8ccea65340ce]: IDLE"}}
[debug] [2021-04-29T17:50:21.417Z] [work-queue] {"queueLength":0,"workRunningCount":0}
[debug] [2021-04-29T17:54:07.550Z] [work-queue] {"queueLength":1,"workRunningCount":0}
[debug] [2021-04-29T17:54:07.550Z] [work-queue] {"queueLength":0,"workRunningCount":1}
[debug] [2021-04-29T17:54:07.551Z] Accepted request GET /mealstogo-638a6/us-central1/geocode?city=san%20francisco&mock=true --> geocode
[debug] [2021-04-29T17:54:07.551Z] [worker-pool] submitWork(triggerId=geocode) {"metadata":{"emulator":{"name":"functions"},"message":"[worker-pool] submitWork(triggerId=geocode)"}}
[debug] [2021-04-29T17:54:07.551Z] [worker-geocode-7b2fa55a-f14c-4d74-b9e2-82553a794c2a]: Assigning socketPath: /var/folders/q_/x77v2wr50ss2hthq3srb36ph0000gn/T/fire_emu_77484.sock {"metadata":{"emulator":{"name":"functions"},"message":"[worker-geocode-7b2fa55a-f14c-4d74-b9e2-82553a794c2a]: Assigning socketPath: /var/folders/q_/x77v2wr50ss2hthq3srb36ph0000gn/T/fire_emu_77484.sock"}}
[debug] [2021-04-29T17:54:07.551Z] [worker-geocode-7b2fa55a-f14c-4d74-b9e2-82553a794c2a]: BUSY {"metadata":{"emulator":{"name":"functions"},"message":"[worker-geocode-7b2fa55a-f14c-4d74-b9e2-82553a794c2a]: BUSY"}}
[debug] [2021-04-29T17:54:07.551Z] [runtime-status] [77484] Trigger "geocode" has been found, beginning invocation! {"metadata":{"emulator":{"name":"functions"},"function":{"name":"geocode"},"message":"[runtime-status] [77484] Trigger \"geocode\" has been found, beginning invocation!"}}
[info] i  functions: Beginning execution of "geocode" {"metadata":{"emulator":{"name":"functions"},"function":{"name":"geocode"},"message":"Beginning execution of \"geocode\""}}
[debug] [2021-04-29T17:54:07.552Z] [runtime-status] [77484] triggerDefinition {"httpsTrigger":{},"name":"geocode","entryPoint":"geocode"} {"metadata":{"emulator":{"name":"functions"},"function":{"name":"geocode"},"message":"[runtime-status] [77484] triggerDefinition {\"httpsTrigger\":{},\"name\":\"geocode\",\"entryPoint\":\"geocode\"}"}}
[debug] [2021-04-29T17:54:07.552Z] [runtime-status] [77484] Running geocode in mode HTTPS {"metadata":{"emulator":{"name":"functions"},"function":{"name":"geocode"},"message":"[runtime-status] [77484] Running geocode in mode HTTPS"}}
[debug] [2021-04-29T17:54:07.552Z] [runtime-status] [77484] Attempting to listen to socketPath: /var/folders/q_/x77v2wr50ss2hthq3srb36ph0000gn/T/fire_emu_77484.sock {"metadata":{"emulator":{"name":"functions"},"function":{"name":"geocode"},"message":"[runtime-status] [77484] Attempting to listen to socketPath: /var/folders/q_/x77v2wr50ss2hthq3srb36ph0000gn/T/fire_emu_77484.sock"}}
[debug] [2021-04-29T17:54:07.553Z] [functions] Runtime ready! Sending request! {"metadata":{"emulator":{"name":"functions"},"message":"[functions] Runtime ready! Sending request!"}}
[debug] [2021-04-29T17:54:07.555Z] [runtime-status] [77484] Ephemeral server handling GET request {"metadata":{"emulator":{"name":"functions"},"function":{"name":"geocode"},"message":"[runtime-status] [77484] Ephemeral server handling GET request"}}
[debug] [2021-04-29T17:54:07.556Z] [runtime-status] [77484] Ephemeral server survived. {"metadata":{"emulator":{"name":"functions"},"function":{"name":"geocode"},"message":"[runtime-status] [77484] Ephemeral server survived."}}
[info] i  functions: Finished "geocode" in ~1s {"metadata":{"emulator":{"name":"functions"},"function":{"name":"geocode"},"message":"Finished \"geocode\" in ~1s"}}
[debug] [2021-04-29T17:54:07.559Z] [worker-geocode-7b2fa55a-f14c-4d74-b9e2-82553a794c2a]: IDLE {"metadata":{"emulator":{"name":"functions"},"message":"[worker-geocode-7b2fa55a-f14c-4d74-b9e2-82553a794c2a]: IDLE"}}
[debug] [2021-04-29T17:54:07.559Z] [work-queue] {"queueLength":0,"workRunningCount":0}
[debug] [2021-04-29T17:54:07.650Z] [work-queue] {"queueLength":1,"workRunningCount":0}
[debug] [2021-04-29T17:54:07.650Z] [work-queue] {"queueLength":0,"workRunningCount":1}
[debug] [2021-04-29T17:54:07.650Z] Accepted request GET /mealstogo-638a6/us-central1/placesNearby?location=37.7749295,-122.4194155&mock=true --> placesNearby
[debug] [2021-04-29T17:54:07.650Z] [worker-pool] submitWork(triggerId=placesNearby) {"metadata":{"emulator":{"name":"functions"},"message":"[worker-pool] submitWork(triggerId=placesNearby)"}}
[debug] [2021-04-29T17:54:07.651Z] [worker-placesNearby-fe21565e-440a-47ef-9c92-8ccea65340ce]: Assigning socketPath: /var/folders/q_/x77v2wr50ss2hthq3srb36ph0000gn/T/fire_emu_77485.sock {"metadata":{"emulator":{"name":"functions"},"message":"[worker-placesNearby-fe21565e-440a-47ef-9c92-8ccea65340ce]: Assigning socketPath: /var/folders/q_/x77v2wr50ss2hthq3srb36ph0000gn/T/fire_emu_77485.sock"}}
[debug] [2021-04-29T17:54:07.651Z] [worker-placesNearby-fe21565e-440a-47ef-9c92-8ccea65340ce]: BUSY {"metadata":{"emulator":{"name":"functions"},"message":"[worker-placesNearby-fe21565e-440a-47ef-9c92-8ccea65340ce]: BUSY"}}
[debug] [2021-04-29T17:54:07.652Z] [runtime-status] [77485] Trigger "placesNearby" has been found, beginning invocation! {"metadata":{"emulator":{"name":"functions"},"function":{"name":"placesNearby"},"message":"[runtime-status] [77485] Trigger \"placesNearby\" has been found, beginning invocation!"}}
[info] i  functions: Beginning execution of "placesNearby" {"metadata":{"emulator":{"name":"functions"},"function":{"name":"placesNearby"},"message":"Beginning execution of \"placesNearby\""}}
[debug] [2021-04-29T17:54:07.652Z] [runtime-status] [77485] triggerDefinition {"httpsTrigger":{},"name":"placesNearby","entryPoint":"placesNearby"} {"metadata":{"emulator":{"name":"functions"},"function":{"name":"placesNearby"},"message":"[runtime-status] [77485] triggerDefinition {\"httpsTrigger\":{},\"name\":\"placesNearby\",\"entryPoint\":\"placesNearby\"}"}}
[debug] [2021-04-29T17:54:07.653Z] [runtime-status] [77485] Running placesNearby in mode HTTPS {"metadata":{"emulator":{"name":"functions"},"function":{"name":"placesNearby"},"message":"[runtime-status] [77485] Running placesNearby in mode HTTPS"}}
[debug] [2021-04-29T17:54:07.653Z] [runtime-status] [77485] Attempting to listen to socketPath: /var/folders/q_/x77v2wr50ss2hthq3srb36ph0000gn/T/fire_emu_77485.sock {"metadata":{"emulator":{"name":"functions"},"function":{"name":"placesNearby"},"message":"[runtime-status] [77485] Attempting to listen to socketPath: /var/folders/q_/x77v2wr50ss2hthq3srb36ph0000gn/T/fire_emu_77485.sock"}}
[debug] [2021-04-29T17:54:07.654Z] [functions] Runtime ready! Sending request! {"metadata":{"emulator":{"name":"functions"},"message":"[functions] Runtime ready! Sending request!"}}
[debug] [2021-04-29T17:54:07.656Z] [runtime-status] [77485] Ephemeral server handling GET request {"metadata":{"emulator":{"name":"functions"},"function":{"name":"placesNearby"},"message":"[runtime-status] [77485] Ephemeral server handling GET request"}}
[debug] [2021-04-29T17:54:07.658Z] [runtime-status] [77485] Ephemeral server survived. {"metadata":{"emulator":{"name":"functions"},"function":{"name":"placesNearby"},"message":"[runtime-status] [77485] Ephemeral server survived."}}
[info] i  functions: Finished "placesNearby" in ~1s {"metadata":{"emulator":{"name":"functions"},"function":{"name":"placesNearby"},"message":"Finished \"placesNearby\" in ~1s"}}
[debug] [2021-04-29T17:54:07.660Z] [worker-placesNearby-fe21565e-440a-47ef-9c92-8ccea65340ce]: IDLE {"metadata":{"emulator":{"name":"functions"},"message":"[worker-placesNearby-fe21565e-440a-47ef-9c92-8ccea65340ce]: IDLE"}}
[debug] [2021-04-29T17:54:07.660Z] [work-queue] {"queueLength":0,"workRunningCount":0}
[debug] [2021-04-29T18:16:05.932Z] [work-queue] {"queueLength":1,"workRunningCount":0}
[debug] [2021-04-29T18:16:05.932Z] [work-queue] {"queueLength":0,"workRunningCount":1}
[debug] [2021-04-29T18:16:05.932Z] Accepted request GET /mealstogo-638a6/us-central1/geocode?city=san%20francisco&mock=true --> geocode
[debug] [2021-04-29T18:16:05.932Z] [worker-pool] submitWork(triggerId=geocode) {"metadata":{"emulator":{"name":"functions"},"message":"[worker-pool] submitWork(triggerId=geocode)"}}
[debug] [2021-04-29T18:16:05.932Z] [worker-geocode-7b2fa55a-f14c-4d74-b9e2-82553a794c2a]: Assigning socketPath: /var/folders/q_/x77v2wr50ss2hthq3srb36ph0000gn/T/fire_emu_77484.sock {"metadata":{"emulator":{"name":"functions"},"message":"[worker-geocode-7b2fa55a-f14c-4d74-b9e2-82553a794c2a]: Assigning socketPath: /var/folders/q_/x77v2wr50ss2hthq3srb36ph0000gn/T/fire_emu_77484.sock"}}
[debug] [2021-04-29T18:16:05.932Z] [worker-geocode-7b2fa55a-f14c-4d74-b9e2-82553a794c2a]: BUSY {"metadata":{"emulator":{"name":"functions"},"message":"[worker-geocode-7b2fa55a-f14c-4d74-b9e2-82553a794c2a]: BUSY"}}
[debug] [2021-04-29T18:16:05.933Z] [runtime-status] [77484] Trigger "geocode" has been found, beginning invocation! {"metadata":{"emulator":{"name":"functions"},"function":{"name":"geocode"},"message":"[runtime-status] [77484] Trigger \"geocode\" has been found, beginning invocation!"}}
[info] i  functions: Beginning execution of "geocode" {"metadata":{"emulator":{"name":"functions"},"function":{"name":"geocode"},"message":"Beginning execution of \"geocode\""}}
[debug] [2021-04-29T18:16:05.933Z] [runtime-status] [77484] triggerDefinition {"httpsTrigger":{},"name":"geocode","entryPoint":"geocode"} {"metadata":{"emulator":{"name":"functions"},"function":{"name":"geocode"},"message":"[runtime-status] [77484] triggerDefinition {\"httpsTrigger\":{},\"name\":\"geocode\",\"entryPoint\":\"geocode\"}"}}
[debug] [2021-04-29T18:16:05.933Z] [runtime-status] [77484] Running geocode in mode HTTPS {"metadata":{"emulator":{"name":"functions"},"function":{"name":"geocode"},"message":"[runtime-status] [77484] Running geocode in mode HTTPS"}}
[debug] [2021-04-29T18:16:05.934Z] [runtime-status] [77484] Attempting to listen to socketPath: /var/folders/q_/x77v2wr50ss2hthq3srb36ph0000gn/T/fire_emu_77484.sock {"metadata":{"emulator":{"name":"functions"},"function":{"name":"geocode"},"message":"[runtime-status] [77484] Attempting to listen to socketPath: /var/folders/q_/x77v2wr50ss2hthq3srb36ph0000gn/T/fire_emu_77484.sock"}}
[debug] [2021-04-29T18:16:05.936Z] [functions] Runtime ready! Sending request! {"metadata":{"emulator":{"name":"functions"},"message":"[functions] Runtime ready! Sending request!"}}
[debug] [2021-04-29T18:16:05.939Z] [runtime-status] [77484] Ephemeral server handling GET request {"metadata":{"emulator":{"name":"functions"},"function":{"name":"geocode"},"message":"[runtime-status] [77484] Ephemeral server handling GET request"}}
[debug] [2021-04-29T18:16:05.940Z] [runtime-status] [77484] Ephemeral server survived. {"metadata":{"emulator":{"name":"functions"},"function":{"name":"geocode"},"message":"[runtime-status] [77484] Ephemeral server survived."}}
[info] i  functions: Finished "geocode" in ~1s {"metadata":{"emulator":{"name":"functions"},"function":{"name":"geocode"},"message":"Finished \"geocode\" in ~1s"}}
[debug] [2021-04-29T18:16:05.940Z] [worker-geocode-7b2fa55a-f14c-4d74-b9e2-82553a794c2a]: IDLE {"metadata":{"emulator":{"name":"functions"},"message":"[worker-geocode-7b2fa55a-f14c-4d74-b9e2-82553a794c2a]: IDLE"}}
[debug] [2021-04-29T18:16:05.941Z] [work-queue] {"queueLength":0,"workRunningCount":0}
[debug] [2021-04-29T18:16:06.030Z] [work-queue] {"queueLength":1,"workRunningCount":0}
[debug] [2021-04-29T18:16:06.030Z] [work-queue] {"queueLength":0,"workRunningCount":1}
[debug] [2021-04-29T18:16:06.030Z] Accepted request GET /mealstogo-638a6/us-central1/placesNearby?location=37.7749295,-122.4194155&mock=true --> placesNearby
[debug] [2021-04-29T18:16:06.031Z] [worker-pool] submitWork(triggerId=placesNearby) {"metadata":{"emulator":{"name":"functions"},"message":"[worker-pool] submitWork(triggerId=placesNearby)"}}
[debug] [2021-04-29T18:16:06.031Z] [worker-placesNearby-fe21565e-440a-47ef-9c92-8ccea65340ce]: Assigning socketPath: /var/folders/q_/x77v2wr50ss2hthq3srb36ph0000gn/T/fire_emu_77485.sock {"metadata":{"emulator":{"name":"functions"},"message":"[worker-placesNearby-fe21565e-440a-47ef-9c92-8ccea65340ce]: Assigning socketPath: /var/folders/q_/x77v2wr50ss2hthq3srb36ph0000gn/T/fire_emu_77485.sock"}}
[debug] [2021-04-29T18:16:06.031Z] [worker-placesNearby-fe21565e-440a-47ef-9c92-8ccea65340ce]: BUSY {"metadata":{"emulator":{"name":"functions"},"message":"[worker-placesNearby-fe21565e-440a-47ef-9c92-8ccea65340ce]: BUSY"}}
[debug] [2021-04-29T18:16:06.031Z] [runtime-status] [77485] Trigger "placesNearby" has been found, beginning invocation! {"metadata":{"emulator":{"name":"functions"},"function":{"name":"placesNearby"},"message":"[runtime-status] [77485] Trigger \"placesNearby\" has been found, beginning invocation!"}}
[info] i  functions: Beginning execution of "placesNearby" {"metadata":{"emulator":{"name":"functions"},"function":{"name":"placesNearby"},"message":"Beginning execution of \"placesNearby\""}}
[debug] [2021-04-29T18:16:06.032Z] [runtime-status] [77485] triggerDefinition {"httpsTrigger":{},"name":"placesNearby","entryPoint":"placesNearby"} {"metadata":{"emulator":{"name":"functions"},"function":{"name":"placesNearby"},"message":"[runtime-status] [77485] triggerDefinition {\"httpsTrigger\":{},\"name\":\"placesNearby\",\"entryPoint\":\"placesNearby\"}"}}
[debug] [2021-04-29T18:16:06.032Z] [runtime-status] [77485] Running placesNearby in mode HTTPS {"metadata":{"emulator":{"name":"functions"},"function":{"name":"placesNearby"},"message":"[runtime-status] [77485] Running placesNearby in mode HTTPS"}}
[debug] [2021-04-29T18:16:06.032Z] [runtime-status] [77485] Attempting to listen to socketPath: /var/folders/q_/x77v2wr50ss2hthq3srb36ph0000gn/T/fire_emu_77485.sock {"metadata":{"emulator":{"name":"functions"},"function":{"name":"placesNearby"},"message":"[runtime-status] [77485] Attempting to listen to socketPath: /var/folders/q_/x77v2wr50ss2hthq3srb36ph0000gn/T/fire_emu_77485.sock"}}
[debug] [2021-04-29T18:16:06.033Z] [functions] Runtime ready! Sending request! {"metadata":{"emulator":{"name":"functions"},"message":"[functions] Runtime ready! Sending request!"}}
[debug] [2021-04-29T18:16:06.035Z] [runtime-status] [77485] Ephemeral server handling GET request {"metadata":{"emulator":{"name":"functions"},"function":{"name":"placesNearby"},"message":"[runtime-status] [77485] Ephemeral server handling GET request"}}
[debug] [2021-04-29T18:16:06.036Z] [runtime-status] [77485] Ephemeral server survived. {"metadata":{"emulator":{"name":"functions"},"function":{"name":"placesNearby"},"message":"[runtime-status] [77485] Ephemeral server survived."}}
[info] i  functions: Finished "placesNearby" in ~1s {"metadata":{"emulator":{"name":"functions"},"function":{"name":"placesNearby"},"message":"Finished \"placesNearby\" in ~1s"}}
[debug] [2021-04-29T18:16:06.037Z] [worker-placesNearby-fe21565e-440a-47ef-9c92-8ccea65340ce]: IDLE {"metadata":{"emulator":{"name":"functions"},"message":"[worker-placesNearby-fe21565e-440a-47ef-9c92-8ccea65340ce]: IDLE"}}
[debug] [2021-04-29T18:16:06.038Z] [work-queue] {"queueLength":0,"workRunningCount":0}
[debug] [2021-04-29T18:16:22.975Z] [work-queue] {"queueLength":1,"workRunningCount":0}
[debug] [2021-04-29T18:16:22.975Z] [work-queue] {"queueLength":0,"workRunningCount":1}
[debug] [2021-04-29T18:16:22.975Z] Accepted request GET /mealstogo-638a6/us-central1/geocode?city=san%20francisco&mock=true --> geocode
[debug] [2021-04-29T18:16:22.976Z] [worker-pool] submitWork(triggerId=geocode) {"metadata":{"emulator":{"name":"functions"},"message":"[worker-pool] submitWork(triggerId=geocode)"}}
[debug] [2021-04-29T18:16:22.976Z] [worker-geocode-7b2fa55a-f14c-4d74-b9e2-82553a794c2a]: Assigning socketPath: /var/folders/q_/x77v2wr50ss2hthq3srb36ph0000gn/T/fire_emu_77484.sock {"metadata":{"emulator":{"name":"functions"},"message":"[worker-geocode-7b2fa55a-f14c-4d74-b9e2-82553a794c2a]: Assigning socketPath: /var/folders/q_/x77v2wr50ss2hthq3srb36ph0000gn/T/fire_emu_77484.sock"}}
[debug] [2021-04-29T18:16:22.976Z] [worker-geocode-7b2fa55a-f14c-4d74-b9e2-82553a794c2a]: BUSY {"metadata":{"emulator":{"name":"functions"},"message":"[worker-geocode-7b2fa55a-f14c-4d74-b9e2-82553a794c2a]: BUSY"}}
[debug] [2021-04-29T18:16:22.977Z] [runtime-status] [77484] Trigger "geocode" has been found, beginning invocation! {"metadata":{"emulator":{"name":"functions"},"function":{"name":"geocode"},"message":"[runtime-status] [77484] Trigger \"geocode\" has been found, beginning invocation!"}}
[info] i  functions: Beginning execution of "geocode" {"metadata":{"emulator":{"name":"functions"},"function":{"name":"geocode"},"message":"Beginning execution of \"geocode\""}}
[debug] [2021-04-29T18:16:22.977Z] [runtime-status] [77484] triggerDefinition {"httpsTrigger":{},"name":"geocode","entryPoint":"geocode"} {"metadata":{"emulator":{"name":"functions"},"function":{"name":"geocode"},"message":"[runtime-status] [77484] triggerDefinition {\"httpsTrigger\":{},\"name\":\"geocode\",\"entryPoint\":\"geocode\"}"}}
[debug] [2021-04-29T18:16:22.978Z] [runtime-status] [77484] Running geocode in mode HTTPS {"metadata":{"emulator":{"name":"functions"},"function":{"name":"geocode"},"message":"[runtime-status] [77484] Running geocode in mode HTTPS"}}
[debug] [2021-04-29T18:16:22.978Z] [runtime-status] [77484] Attempting to listen to socketPath: /var/folders/q_/x77v2wr50ss2hthq3srb36ph0000gn/T/fire_emu_77484.sock {"metadata":{"emulator":{"name":"functions"},"function":{"name":"geocode"},"message":"[runtime-status] [77484] Attempting to listen to socketPath: /var/folders/q_/x77v2wr50ss2hthq3srb36ph0000gn/T/fire_emu_77484.sock"}}
[debug] [2021-04-29T18:16:22.979Z] [functions] Runtime ready! Sending request! {"metadata":{"emulator":{"name":"functions"},"message":"[functions] Runtime ready! Sending request!"}}
[debug] [2021-04-29T18:16:22.981Z] [runtime-status] [77484] Ephemeral server handling GET request {"metadata":{"emulator":{"name":"functions"},"function":{"name":"geocode"},"message":"[runtime-status] [77484] Ephemeral server handling GET request"}}
[debug] [2021-04-29T18:16:22.982Z] [runtime-status] [77484] Ephemeral server survived. {"metadata":{"emulator":{"name":"functions"},"function":{"name":"geocode"},"message":"[runtime-status] [77484] Ephemeral server survived."}}
[info] i  functions: Finished "geocode" in ~1s {"metadata":{"emulator":{"name":"functions"},"function":{"name":"geocode"},"message":"Finished \"geocode\" in ~1s"}}
[debug] [2021-04-29T18:16:22.983Z] [worker-geocode-7b2fa55a-f14c-4d74-b9e2-82553a794c2a]: IDLE {"metadata":{"emulator":{"name":"functions"},"message":"[worker-geocode-7b2fa55a-f14c-4d74-b9e2-82553a794c2a]: IDLE"}}
[debug] [2021-04-29T18:16:22.983Z] [work-queue] {"queueLength":0,"workRunningCount":0}
[debug] [2021-04-29T18:16:23.070Z] [work-queue] {"queueLength":1,"workRunningCount":0}
[debug] [2021-04-29T18:16:23.070Z] [work-queue] {"queueLength":0,"workRunningCount":1}
[debug] [2021-04-29T18:16:23.071Z] Accepted request GET /mealstogo-638a6/us-central1/placesNearby?location=37.7749295,-122.4194155&mock=true --> placesNearby
[debug] [2021-04-29T18:16:23.071Z] [worker-pool] submitWork(triggerId=placesNearby) {"metadata":{"emulator":{"name":"functions"},"message":"[worker-pool] submitWork(triggerId=placesNearby)"}}
[debug] [2021-04-29T18:16:23.071Z] [worker-placesNearby-fe21565e-440a-47ef-9c92-8ccea65340ce]: Assigning socketPath: /var/folders/q_/x77v2wr50ss2hthq3srb36ph0000gn/T/fire_emu_77485.sock {"metadata":{"emulator":{"name":"functions"},"message":"[worker-placesNearby-fe21565e-440a-47ef-9c92-8ccea65340ce]: Assigning socketPath: /var/folders/q_/x77v2wr50ss2hthq3srb36ph0000gn/T/fire_emu_77485.sock"}}
[debug] [2021-04-29T18:16:23.071Z] [worker-placesNearby-fe21565e-440a-47ef-9c92-8ccea65340ce]: BUSY {"metadata":{"emulator":{"name":"functions"},"message":"[worker-placesNearby-fe21565e-440a-47ef-9c92-8ccea65340ce]: BUSY"}}
[debug] [2021-04-29T18:16:23.073Z] [runtime-status] [77485] Trigger "placesNearby" has been found, beginning invocation! {"metadata":{"emulator":{"name":"functions"},"function":{"name":"placesNearby"},"message":"[runtime-status] [77485] Trigger \"placesNearby\" has been found, beginning invocation!"}}
[info] i  functions: Beginning execution of "placesNearby" {"metadata":{"emulator":{"name":"functions"},"function":{"name":"placesNearby"},"message":"Beginning execution of \"placesNearby\""}}
[debug] [2021-04-29T18:16:23.075Z] [runtime-status] [77485] triggerDefinition {"httpsTrigger":{},"name":"placesNearby","entryPoint":"placesNearby"} {"metadata":{"emulator":{"name":"functions"},"function":{"name":"placesNearby"},"message":"[runtime-status] [77485] triggerDefinition {\"httpsTrigger\":{},\"name\":\"placesNearby\",\"entryPoint\":\"placesNearby\"}"}}
[debug] [2021-04-29T18:16:23.076Z] [runtime-status] [77485] Running placesNearby in mode HTTPS {"metadata":{"emulator":{"name":"functions"},"function":{"name":"placesNearby"},"message":"[runtime-status] [77485] Running placesNearby in mode HTTPS"}}
[debug] [2021-04-29T18:16:23.076Z] [runtime-status] [77485] Attempting to listen to socketPath: /var/folders/q_/x77v2wr50ss2hthq3srb36ph0000gn/T/fire_emu_77485.sock {"metadata":{"emulator":{"name":"functions"},"function":{"name":"placesNearby"},"message":"[runtime-status] [77485] Attempting to listen to socketPath: /var/folders/q_/x77v2wr50ss2hthq3srb36ph0000gn/T/fire_emu_77485.sock"}}
[debug] [2021-04-29T18:16:23.080Z] [functions] Runtime ready! Sending request! {"metadata":{"emulator":{"name":"functions"},"message":"[functions] Runtime ready! Sending request!"}}
[debug] [2021-04-29T18:16:23.085Z] [runtime-status] [77485] Ephemeral server handling GET request {"metadata":{"emulator":{"name":"functions"},"function":{"name":"placesNearby"},"message":"[runtime-status] [77485] Ephemeral server handling GET request"}}
[debug] [2021-04-29T18:16:23.088Z] [runtime-status] [77485] Ephemeral server survived. {"metadata":{"emulator":{"name":"functions"},"function":{"name":"placesNearby"},"message":"[runtime-status] [77485] Ephemeral server survived."}}
[info] i  functions: Finished "placesNearby" in ~1s {"metadata":{"emulator":{"name":"functions"},"function":{"name":"placesNearby"},"message":"Finished \"placesNearby\" in ~1s"}}
[debug] [2021-04-29T18:16:23.092Z] [worker-placesNearby-fe21565e-440a-47ef-9c92-8ccea65340ce]: IDLE {"metadata":{"emulator":{"name":"functions"},"message":"[worker-placesNearby-fe21565e-440a-47ef-9c92-8ccea65340ce]: IDLE"}}
[debug] [2021-04-29T18:16:23.093Z] [work-queue] {"queueLength":0,"workRunningCount":0}
